delta = 8.659061780310733e-05
Pixel-based model successfully initialized.
Setting up the _solver.
New parameter of dimension 636 added.
Total number of parameters:  1
New parameter of dimension 7 added.
Total number of parameters:  2
Cost at starting value: 5041.9082981590545
 
ITERATION 1
Computation time: 2.141642 seconds.
||Delta_x||=63.408166655725175
Current cost: 0.5021799168450501
Norm of reduced gradient: 0.18516834993016146
 
ITERATION 2
Computation time: 2.273467 seconds.
||Delta_x||=7.038063065554851
Current cost: 0.5012780719144535
Norm of reduced gradient: 2.7946071390298703
 
ITERATION 3
Computation time: 2.626323 seconds.
||Delta_x||=5.956350949373325
Current cost: 0.5007670435938848
Norm of reduced gradient: 4.357079576223829
 
ITERATION 4
Computation time: 2.419627 seconds.
||Delta_x||=5.060720306787713
Current cost: 0.5003689328137696
Norm of reduced gradient: 5.173746702648123
 
ITERATION 5
Computation time: 2.383234 seconds.
||Delta_x||=4.3148052775796835
Current cost: 0.4999961450372156
Norm of reduced gradient: 5.501227196904366
 
ITERATION 6
Computation time: 2.212593 seconds.
||Delta_x||=3.690307155773327
Current cost: 0.4999379696236368
Norm of reduced gradient: 6.989225616345815
 
ITERATION 7
Computation time: 2.416121 seconds.
||Delta_x||=2.648550991862135
Current cost: 0.4994228975797277
Norm of reduced gradient: 6.6580135292353795
 
ITERATION 8
Computation time: 2.853512 seconds.
||Delta_x||=1.9237065823321944
Current cost: 0.4989083085791816
Norm of reduced gradient: 6.251695044853845
 
ITERATION 9
Computation time: 2.663630 seconds.
||Delta_x||=0.9145680608529139
Current cost: 0.49758583517054994
Norm of reduced gradient: 2.246824514169229
 
ITERATION 10
Computation time: 2.506942 seconds.
||Delta_x||=0.1516283019555811
Current cost: 0.4974020485222535
Norm of reduced gradient: 0.026560709176131368
Gradient good!
 
The bounded Gauss-Newton iteration converged after 10 iterations.
 
