delta = 4.329530890155367e-06
Pixel-based model successfully initialized.
Setting up the _solver.
New parameter of dimension 636 added.
Total number of parameters:  1
New parameter of dimension 7 added.
Total number of parameters:  2
Cost at starting value: 2016726.229265933
 
ITERATION 1
Computation time: 8.834327 seconds.
||Delta_x||=100.44074446656374
Current cost: 1.3503544838996948
Norm of reduced gradient: 50.68938806474807
 
ITERATION 2
Computation time: 8.294281 seconds.
||Delta_x||=59.69237834632024
Current cost: 1.272066274492168
Norm of reduced gradient: 535.2497661852245
 
ITERATION 3
Computation time: 8.315487 seconds.
||Delta_x||=55.392766643080925
Current cost: 1.2457838673450923
Norm of reduced gradient: 947.0828705016096
 
ITERATION 4
Computation time: 8.500865 seconds.
||Delta_x||=51.361492696682866
Current cost: 1.2266249741396633
Norm of reduced gradient: 1006.5448361692601
 
ITERATION 5
Computation time: 8.520087 seconds.
||Delta_x||=49.56144799080779
Current cost: 1.2109394840692698
Norm of reduced gradient: 1052.7440765792896
 
ITERATION 6
Computation time: 8.519831 seconds.
||Delta_x||=47.80696539069113
Current cost: 1.199704551832971
Norm of reduced gradient: 1093.8214112824198
 
ITERATION 7
Computation time: 8.429175 seconds.
||Delta_x||=46.12429861031504
Current cost: 1.1917659812425319
Norm of reduced gradient: 1126.766402143614
 
ITERATION 8
Computation time: 8.471359 seconds.
||Delta_x||=45.483830110884696
Current cost: 1.1566114706708517
Norm of reduced gradient: 1287.1764228071343
 
ITERATION 9
Computation time: 8.442067 seconds.
||Delta_x||=41.42200022883445
Current cost: 1.1525146810957416
Norm of reduced gradient: 1296.641051431425
 
ITERATION 10
Computation time: 8.446803 seconds.
||Delta_x||=39.981283937579484
Current cost: 1.150392770964928
Norm of reduced gradient: 1297.5837783508628
 
The bounded Gauss-Newton iteration stopped as it reached maximum number of iterations.
 
