Distribution functions should have shape (12, 53)
snr=1996.089092804325
||y||/||y_noi-y|| = 1996.0841363291183
rdm = 1.0019592848885235
sre(theta_guess) = 0.05073266023950929
delta = 3.594741113726769e-07
||y_sd|| = 3.5877117642826315e-07
y_sd_min = 3.639581453675923e-09
Distribution functions should have shape (12, 53)
snr=2003.645980894582
||y||/||y_noi-y|| = 2003.6519711205362
rdm = 0.9981803267995717
sre(theta_guess) = 0.05067445771999116
delta = 3.265808374493277e-07
||y_sd|| = 3.27176191196265e-07
y_sd_min = 3.319063725846315e-09
Distribution functions should have shape (12, 53)
snr=99.927934486417
||y||/||y_noi-y|| = 99.93695572168261
rdm = 1.0007211748541924
sre(theta_guess) = 0.04957701317384996
delta = 7.139702112126655e-06
||y_sd|| = 7.134556849131246e-06
y_sd_min = 7.237705393952333e-08
Distribution functions should have shape (12, 53)
snr=99.89127469487293
||y||/||y_noi-y|| = 99.88993981857195
rdm = 1.0010884364571297
sre(theta_guess) = 0.049903655989204265
delta = 7.120578192436832e-06
||y_sd|| = 7.112836322070273e-06
y_sd_min = 7.215670840273258e-08
