

Starting the constrained Gauss-Newton method. Cost at starting value: 2000018.1272958862
+-----------+-------------------------+-------------------------+-------------------------+-------------------------+
| Iteration | Cost                    | Stepsize (||p||)        | Steplength (h)          | Computation time [s]    |
+-----------+-------------------------+-------------------------+-------------------------+-------------------------+
+-----------+-------------------------+-------------------------+-------------------------+-------------------------+
|     0     |    1.4877216229319163   |   0.06444071034673864   |           1.0           |    0.6764898300170898   |
+-----------+-------------------------+-------------------------+-------------------------+-------------------------+
|     1     |    1.4877216229318677   |  3.142135462034212e-10  |           1.0           |    0.678504467010498    |
+-----------+-------------------------+-------------------------+-------------------------+-------------------------+
The iteration converged successfully after 2 steps.
Minimum of cost function: 1.4877216229318677


Starting the constrained Gauss-Newton method. Cost at starting value: 1999974.4322986905
+-----------+-------------------------+-------------------------+-------------------------+-------------------------+
| Iteration | Cost                    | Stepsize (||p||)        | Steplength (h)          | Computation time [s]    |
+-----------+-------------------------+-------------------------+-------------------------+-------------------------+
+-----------+-------------------------+-------------------------+-------------------------+-------------------------+
|     0     |    0.5578586518312096   |   0.058435589580833266  |           1.0           |    0.6247782707214355   |
+-----------+-------------------------+-------------------------+-------------------------+-------------------------+
|     1     |    0.5578586518312091   |  3.7449925446046027e-10 |        0.0078125        |    0.9787523746490479   |
+-----------+-------------------------+-------------------------+-------------------------+-------------------------+
The iteration converged successfully after 2 steps.
Minimum of cost function: 0.5578586518312089


Starting the constrained Gauss-Newton method. Cost at starting value: 1999975.8021714492
+-----------+-------------------------+-------------------------+-------------------------+-------------------------+
| Iteration | Cost                    | Stepsize (||p||)        | Steplength (h)          | Computation time [s]    |
+-----------+-------------------------+-------------------------+-------------------------+-------------------------+
+-----------+-------------------------+-------------------------+-------------------------+-------------------------+
|     0     |    2.3055025637504554   |   0.06320901695135811   |           1.0           |    0.7558038234710693   |
+-----------+-------------------------+-------------------------+-------------------------+-------------------------+
|     1     |    2.3055025637504465   |  1.953870131759648e-10  |          0.0625         |    0.9643933773040771   |
+-----------+-------------------------+-------------------------+-------------------------+-------------------------+
The iteration converged successfully after 2 steps.
Minimum of cost function: 2.3055025637504465


Starting the constrained Gauss-Newton method. Cost at starting value: 1999995.5005640807
+-----------+-------------------------+-------------------------+-------------------------+-------------------------+
| Iteration | Cost                    | Stepsize (||p||)        | Steplength (h)          | Computation time [s]    |
+-----------+-------------------------+-------------------------+-------------------------+-------------------------+
+-----------+-------------------------+-------------------------+-------------------------+-------------------------+
|     0     |    0.6825952461781155   |   0.05699432028816179   |           1.0           |    0.5946273803710938   |
+-----------+-------------------------+-------------------------+-------------------------+-------------------------+
|     1     |    0.6825952461781145   |  3.478897828500143e-10  |           1.0           |    0.5948748588562012   |
+-----------+-------------------------+-------------------------+-------------------------+-------------------------+
The iteration converged successfully after 2 steps.
Minimum of cost function: 0.6825952461781144


Starting the constrained Gauss-Newton method. Cost at starting value: 1999993.2353236626
+-----------+-------------------------+-------------------------+-------------------------+-------------------------+
| Iteration | Cost                    | Stepsize (||p||)        | Steplength (h)          | Computation time [s]    |
+-----------+-------------------------+-------------------------+-------------------------+-------------------------+
+-----------+-------------------------+-------------------------+-------------------------+-------------------------+
|     0     |    0.5565714344087082   |   0.059961855377342485  |           1.0           |    0.5814483165740967   |
+-----------+-------------------------+-------------------------+-------------------------+-------------------------+
|     1     |    0.5565714344086987   |  3.8630311922428366e-10 |           1.0           |    0.5787825584411621   |
+-----------+-------------------------+-------------------------+-------------------------+-------------------------+
The iteration converged successfully after 2 steps.
Minimum of cost function: 0.5565714344086987


Starting the constrained Gauss-Newton method. Cost at starting value: 4999.596341912715
+-----------+-------------------------+-------------------------+-------------------------+-------------------------+
| Iteration | Cost                    | Stepsize (||p||)        | Steplength (h)          | Computation time [s]    |
+-----------+-------------------------+-------------------------+-------------------------+-------------------------+
+-----------+-------------------------+-------------------------+-------------------------+-------------------------+
|     0     |    0.5026499206873934   |   0.04699278492773277   |           1.0           |    0.5056712627410889   |
+-----------+-------------------------+-------------------------+-------------------------+-------------------------+
|     1     |    0.502649920687393    |  2.667918727336529e-11  |           0.5           |    0.5069472789764404   |
+-----------+-------------------------+-------------------------+-------------------------+-------------------------+
The iteration converged successfully after 2 steps.
Minimum of cost function: 0.502649920687393
