delta = 4.329530890155367e-05
Pixel-based model successfully initialized.
Setting up the _solver.
New parameter of dimension 636 added.
Total number of parameters:  1
New parameter of dimension 7 added.
Total number of parameters:  2
Cost at starting value: 20166.184739586675
 
ITERATION 1
Armijo satisfied
Computation time: 4.984695 seconds.
||Delta_x||=71.25755204931467
Current cost: 0.5329207218528396
Norm of reduced gradient: 0.7063867113001857
 
ITERATION 2
Armijo satisfied
Computation time: 6.859442 seconds.
||Delta_x||=11.624154866585693
Current cost: 0.5309770295709397
Norm of reduced gradient: 10.848801075317876
 
ITERATION 3
Armijo satisfied
Computation time: 12.468302 seconds.
||Delta_x||=11.66587157999372
Current cost: 0.5284768535376303
Norm of reduced gradient: 6.829517889014062
 
ITERATION 4
Armijo satisfied
Computation time: 7.452389 seconds.
||Delta_x||=6.240400000666489
Current cost: 0.5274392655083844
Norm of reduced gradient: 11.306255169367013
 
ITERATION 5
Armijo satisfied
Computation time: 12.607323 seconds.
||Delta_x||=5.344416968117312
Current cost: 0.5266434905925543
Norm of reduced gradient: 13.689318218065118
 
ITERATION 6
Computation time: 12.041363 seconds.
||Delta_x||=6.371788855861913
Current cost: 0.5630827014977762
Norm of reduced gradient: 29.882144289643048
 
ITERATION 7
Armijo satisfied
Computation time: 10.206362 seconds.
||Delta_x||=8.881215301367678
Current cost: 0.5574560593270854
Norm of reduced gradient: 47.15304668157582
 
ITERATION 8
Armijo satisfied
Computation time: 12.907833 seconds.
||Delta_x||=6.473154135087538
Current cost: 0.549911482572829
Norm of reduced gradient: 48.06911037777208
 
ITERATION 9
Armijo satisfied
Computation time: 11.551861 seconds.
||Delta_x||=4.159389328868904
Current cost: 0.5497520527308981
Norm of reduced gradient: 45.62718527314427
 
ITERATION 10
Armijo satisfied
Computation time: 11.747874 seconds.
||Delta_x||=3.8713577925426175
Current cost: 0.54972480767073
Norm of reduced gradient: 43.203750687870034
 
ITERATION 11
Armijo satisfied
Computation time: 13.671793 seconds.
||Delta_x||=3.629804379296374
Current cost: 0.549722389908386
Norm of reduced gradient: 42.58678369706995
 
ITERATION 12
Armijo satisfied
Computation time: 14.895916 seconds.
||Delta_x||=3.5788169392896068
Current cost: 0.5497212298994875
Norm of reduced gradient: 42.27166462830084
 
ITERATION 13
Armijo satisfied
Computation time: 11.016585 seconds.
||Delta_x||=3.53837627129814
Current cost: 0.5497188104890783
Norm of reduced gradient: 41.9573165276368
 
ITERATION 14
Armijo satisfied
Computation time: 10.708164 seconds.
||Delta_x||=3.2294439790190625
Current cost: 0.5497127090507267
Norm of reduced gradient: 41.38205137498179
 
ITERATION 15
Computation time: 10.602769 seconds.
||Delta_x||=3.455452323568138
Current cost: 0.5627074341315957
Norm of reduced gradient: 37.52055816934603
 
ITERATION 16
Armijo satisfied
Computation time: 10.375876 seconds.
||Delta_x||=1.9438562887860529
Current cost: 0.5429325110534644
Norm of reduced gradient: 15.416332422385052
 
ITERATION 17
Computation time: 12.611129 seconds.
||Delta_x||=2.343784840328124
Current cost: 0.5524228689486035
Norm of reduced gradient: 9.047383620523023
 
ITERATION 18
Computation time: 14.583286 seconds.
||Delta_x||=1.1041908843685908
Current cost: 0.5524228689486028
Norm of reduced gradient: 9.047383620496348
 
ITERATION 19
Computation time: 15.773199 seconds.
||Delta_x||=1.1041908843785737
Current cost: 0.5524228689486028
Norm of reduced gradient: 9.047383620496353
Emergency stop!
 
The bounded Gauss-Newton iteration converged after 19 iterations.
 
