delta = 4.329530890155367e-05
Pixel-based model successfully initialized.
Setting up the _solver.
New parameter of dimension 636 added.
Total number of parameters:  1
New parameter of dimension 7 added.
Total number of parameters:  2
Cost at starting value: 20167.200117751367
 
ITERATION 1
Armijo satisfied
Computation time: 4.952265 seconds.
||Delta_x||=74.36721349427474
Current cost: 0.5488361285724661
Norm of reduced gradient: 1.1441744928630664
 
ITERATION 2
Armijo satisfied
Computation time: 6.000301 seconds.
||Delta_x||=15.089181263110186
Current cost: 0.5425684730317154
Norm of reduced gradient: 16.663574014547052
 
ITERATION 3
Armijo satisfied
Computation time: 5.292912 seconds.
||Delta_x||=12.82559969916826
Current cost: 0.5391456197659
Norm of reduced gradient: 26.123381005928536
 
ITERATION 4
Armijo satisfied
Computation time: 4.814934 seconds.
||Delta_x||=10.966433426777181
Current cost: 0.5363548817221143
Norm of reduced gradient: 30.874215651451394
 
ITERATION 5
Armijo satisfied
Computation time: 6.585767 seconds.
||Delta_x||=9.421298973127453
Current cost: 0.5336004864193399
Norm of reduced gradient: 32.62922779087272
 
ITERATION 6
Armijo satisfied
Computation time: 5.376547 seconds.
||Delta_x||=8.123987140110748
Current cost: 0.5330427442052527
Norm of reduced gradient: 40.73759054795108
 
ITERATION 7
Armijo satisfied
Computation time: 5.078840 seconds.
||Delta_x||=5.938176813141184
Current cost: 0.5288762620232657
Norm of reduced gradient: 38.26878986719834
 
ITERATION 8
Armijo satisfied
Computation time: 5.887663 seconds.
||Delta_x||=4.381112870878794
Current cost: 0.5242493393258347
Norm of reduced gradient: 34.55039366185601
 
ITERATION 9
Armijo satisfied
Computation time: 4.724535 seconds.
||Delta_x||=2.123208877414642
Current cost: 0.5147062564632954
Norm of reduced gradient: 10.287286048341503
 
ITERATION 10
Armijo satisfied
Computation time: 5.239152 seconds.
||Delta_x||=0.26119467189686923
Current cost: 0.5138487429949453
Norm of reduced gradient: 0.3991596064004585
 
ITERATION 11
Armijo satisfied
Computation time: 4.951794 seconds.
||Delta_x||=0.051141925781984135
Current cost: 0.5138474388411368
Norm of reduced gradient: 0.020183634619126624
Gradient good!
 
The bounded Gauss-Newton iteration converged after 11 iterations.
 
