Distribution functions should have shape (12, 53)
snr=2008.1751492085912
||y||/||y_noi-y|| = 2008.1837551889118
sre(theta_guess) = 0.04898158523321168
delta = 3.755069538789212e-07
||y_sd|| = 3.7704186656733323e-07
y_sd_min = 3.824929857742364e-09
Distribution functions should have shape (12, 53)
snr=1998.477323362305
||y||/||y_noi-y|| = 1998.478372933157
sre(theta_guess) = 0.050938078988485035
delta = 3.116466582893091e-07
||y_sd|| = 3.114093897464128e-07
y_sd_min = 3.159116210797962e-09
Distribution functions should have shape (12, 53)
snr=1999.9258252040975
||y||/||y_noi-y|| = 1999.9243735311898
sre(theta_guess) = 0.04806719016067464
delta = 2.5765518246056436e-07
||y_sd|| = 2.576456267002777e-07
y_sd_min = 2.6137056323601856e-09
Distribution functions should have shape (12, 53)
snr=1995.8846149853898
||y||/||y_noi-y|| = 1995.889912848134
sre(theta_guess) = 0.051082106911410005
delta = 2.689160584187575e-07
||y_sd|| = 2.6836271186025533e-07
y_sd_min = 2.722425916899317e-09
Distribution functions should have shape (12, 53)
snr=2002.6654548194203
||y||/||y_noi-y|| = 2002.6583133487777
sre(theta_guess) = 0.049978571003642044
delta = 2.9329647897752186e-07
||y_sd|| = 2.936873632342264e-07
y_sd_min = 2.9793337665741987e-09
Distribution functions should have shape (12, 53)
snr=100.30251353538965
||y||/||y_noi-y|| = 100.29567020467856
sre(theta_guess) = 0.04864622576787333
delta = 7.438717809647882e-06
||y_sd|| = 7.461220937881509e-06
y_sd_min = 7.56909226032037e-08
Distribution functions should have shape (12, 53)
snr=99.29156569191302
||y||/||y_noi-y|| = 99.30427150412798
sre(theta_guess) = 0.05056553413726467
delta = 6.602446232809942e-06
||y_sd|| = 6.555672238523725e-06
y_sd_min = 6.650451503168587e-08
Distribution functions should have shape (12, 53)
snr=100.05336091588171
||y||/||y_noi-y|| = 100.05817732500812
sre(theta_guess) = 0.049498503714393634
delta = 4.90728416792048e-06
||y_sd|| = 4.909902739697398e-06
y_sd_min = 4.980888132837057e-08
Distribution functions should have shape (12, 53)
snr=99.88822908057952
||y||/||y_noi-y|| = 99.88806839183137
sre(theta_guess) = 0.049244697981330805
delta = 6.168812430670089e-06
||y_sd|| = 6.161917492299006e-06
y_sd_min = 6.251004009664913e-08
Distribution functions should have shape (12, 53)
snr=100.41815583535987
||y||/||y_noi-y|| = 100.44120633434508
sre(theta_guess) = 0.0507804010832705
delta = 5.712711753613115e-06
||y_sd|| = 5.736599791168139e-06
y_sd_min = 5.819537236785652e-08
--------------------
2000
--------------------
--------------------
TEST 1 / TRIAL 1
--------------------
