delta = 8.659061780310733e-05
Pixel-based model successfully initialized.
Setting up the _solver.
New parameter of dimension 636 added.
Total number of parameters:  1
New parameter of dimension 7 added.
Total number of parameters:  2
Cost at starting value: 5043.15611330862
 
ITERATION 1
Computation time: 4.226922 seconds.
||Delta_x||=63.76221607839975
Current cost: 0.5129024643482105
Norm of reduced gradient: 0.20163067170159973
 
ITERATION 2
Computation time: 2.725101 seconds.
||Delta_x||=1.4681624949645227
Current cost: 0.51119575229752
Norm of reduced gradient: 0.42927323555681823
 
ITERATION 3
Computation time: 3.458500 seconds.
||Delta_x||=0.09410921555425922
Current cost: 0.5111892027244362
Norm of reduced gradient: 0.0009833387422062724
Gradient good!
 
The bounded Gauss-Newton iteration converged after 3 iterations.
 
