delta = 8.659061780310733e-05
Pixel-based model successfully initialized.
Setting up the _solver.
New parameter of dimension 636 added.
Total number of parameters:  1
New parameter of dimension 7 added.
Total number of parameters:  2
Cost at starting value: 5041.886059327251
 
ITERATION 1
Computation time: 4.785732 seconds.
||Delta_x||=66.62634475079552
Current cost: 0.5067796792135266
Norm of reduced gradient: 0.1848162125334799
 
ITERATION 2
Computation time: 3.411392 seconds.
||Delta_x||=36.32418280240747
Current cost: 0.506531458865414
Norm of reduced gradient: 3.0265999756589466
 
ITERATION 3
Computation time: 4.599828 seconds.
||Delta_x||=34.21735904675679
Current cost: 0.506414292436128
Norm of reduced gradient: 3.6584202437353865
 
ITERATION 4
Computation time: 3.534540 seconds.
||Delta_x||=33.22562446262504
Current cost: 0.5063227770298822
Norm of reduced gradient: 4.239413960561938
 
ITERATION 5
Computation time: 3.277674 seconds.
||Delta_x||=32.26439425635608
Current cost: 0.5062520125788023
Norm of reduced gradient: 4.772696236677188
 
ITERATION 6
Computation time: 3.595958 seconds.
||Delta_x||=31.332964711257
Current cost: 0.5061977241041022
Norm of reduced gradient: 5.261263949040415
 
ITERATION 7
Computation time: 3.286807 seconds.
||Delta_x||=30.430587047932633
Current cost: 0.5061562011480052
Norm of reduced gradient: 5.707969232921071
 
ITERATION 8
Computation time: 3.606930 seconds.
||Delta_x||=29.556525385266813
Current cost: 0.5061242412181068
Norm of reduced gradient: 6.115513317602782
 
ITERATION 9
Computation time: 3.319911 seconds.
||Delta_x||=28.70994258769012
Current cost: 0.5060990960139702
Norm of reduced gradient: 6.486444689349952
 
ITERATION 10
Computation time: 4.091768 seconds.
||Delta_x||=27.88986465318505
Current cost: 0.5060784223800722
Norm of reduced gradient: 6.823162773250685
 
The bounded Gauss-Newton iteration stopped as it reached maximum number of iterations.
 
