Distribution functions should have shape (12, 53)
snr=2013.2873057605784
||y||/||y_noi-y|| = 2013.2923459130645
rdm = 0.9934001939402509
sre(theta_guess) = 0.05033353605396873
delta = 3.658127449053349e-07
||y_sd|| = 3.682430778016724e-07
y_sd_min = 3.735669876700607e-09
Distribution functions should have shape (12, 53)
snr=1991.9287424689976
||y||/||y_noi-y|| = 1991.9247813217507
rdm = 1.0040519810568105
sre(theta_guess) = 0.04931230889861231
delta = 3.328607930119647e-07
||y_sd|| = 3.315174904207777e-07
y_sd_min = 3.3631043656203768e-09
Distribution functions should have shape (12, 53)
snr=2042.0008429433124
||y||/||y_noi-y|| = 2041.9957491736197
rdm = 0.9794315251688291
sre(theta_guess) = 0.05089819079611606
delta = 2.3608076533843225e-07
||y_sd|| = 2.410385609118898e-07
y_sd_min = 2.4452339918980722e-09
Distribution functions should have shape (12, 53)
snr=1984.1780520711081
||y||/||y_noi-y|| = 1984.1803901816327
rdm = 1.0079740565179518
sre(theta_guess) = 0.050387716430077154
delta = 2.9902127787428355e-07
||y_sd|| = 2.9665572833020386e-07
y_sd_min = 3.0094465717850744e-09
Distribution functions should have shape (12, 53)
snr=2002.252240721821
||y||/||y_noi-y|| = 2002.2541884628927
rdm = 0.9988751463596762
sre(theta_guess) = 0.04981505868683018
delta = 3.023032428081244e-07
||y_sd|| = 3.0264367264501977e-07
y_sd_min = 3.0701917277667043e-09
Distribution functions should have shape (12, 53)
snr=99.95435954476933
||y||/||y_noi-y|| = 99.97371569895819
rdm = 1.000456612952537
sre(theta_guess) = 0.049933801580207444
delta = 6.683005552467436e-06
||y_sd|| = 6.67995539831018e-06
y_sd_min = 6.776531498743025e-08
Distribution functions should have shape (12, 53)
snr=98.97782260711024
||y||/||y_noi-y|| = 98.9826600009702
rdm = 1.0103273376395363
sre(theta_guess) = 0.04998943925316696
delta = 7.294833263396791e-06
||y_sd|| = 7.220267126929336e-06
y_sd_min = 7.324654836371023e-08
Distribution functions should have shape (12, 53)
snr=99.59614678114285
||y||/||y_noi-y|| = 99.59766441029797
rdm = 1.0040549080653147
sre(theta_guess) = 0.05109577501856494
delta = 4.950620559478008e-06
||y_sd|| = 4.9306273189951604e-06
y_sd_min = 5.0019123397419325e-08
Distribution functions should have shape (12, 53)
snr=99.70648195140896
||y||/||y_noi-y|| = 99.7256847257468
rdm = 1.002943821132252
sre(theta_guess) = 0.04944718950994055
delta = 5.490853647595967e-06
||y_sd|| = 5.474737001118569e-06
y_sd_min = 5.553888540153841e-08
Distribution functions should have shape (12, 53)
snr=99.40716291920417
||y||/||y_noi-y|| = 99.42121442565876
rdm = 1.0059637259870062
sre(theta_guess) = 0.05005981547342662
delta = 5.722005750942452e-06
||y_sd|| = 5.688083579085586e-06
y_sd_min = 5.7703195968804214e-08
Run supertest on trial 2000
Stored in 'out/experiment3/2000/f1/10000.0'.
Stored in 'out/experiment3/2000/f1/50000.0'.
Stored in 'out/experiment3/2000/f1/100000.0'.
Stored in 'out/experiment3/2000/f1/200000.0'.
Stored in 'out/experiment3/2000/f2/10000.0'.
Stored in 'out/experiment3/2000/f2/50000.0'.
Stored in 'out/experiment3/2000/f2/100000.0'.
Stored in 'out/experiment3/2000/f2/200000.0'.
Stored in 'out/experiment3/2000/f3/10000.0'.
Stored in 'out/experiment3/2000/f3/50000.0'.
Stored in 'out/experiment3/2000/f3/100000.0'.
Stored in 'out/experiment3/2000/f3/200000.0'.
Stored in 'out/experiment3/2000/f4/10000.0'.
Stored in 'out/experiment3/2000/f4/50000.0'.
Stored in 'out/experiment3/2000/f4/100000.0'.
Stored in 'out/experiment3/2000/f4/200000.0'.
Stored in 'out/experiment3/2000/f5/10000.0'.
Stored in 'out/experiment3/2000/f5/50000.0'.
Stored in 'out/experiment3/2000/f5/100000.0'.
Stored in 'out/experiment3/2000/f5/200000.0'.
Run supertest on trial 100
Stored in 'out/experiment3/100/f1/10000.0'.
Stored in 'out/experiment3/100/f1/50000.0'.
Stored in 'out/experiment3/100/f1/100000.0'.
Stored in 'out/experiment3/100/f1/200000.0'.
Stored in 'out/experiment3/100/f2/10000.0'.
Stored in 'out/experiment3/100/f2/50000.0'.
Stored in 'out/experiment3/100/f2/100000.0'.
Stored in 'out/experiment3/100/f2/200000.0'.
Stored in 'out/experiment3/100/f3/10000.0'.
Stored in 'out/experiment3/100/f3/50000.0'.
Stored in 'out/experiment3/100/f3/100000.0'.
Stored in 'out/experiment3/100/f3/200000.0'.
Stored in 'out/experiment3/100/f4/10000.0'.
Stored in 'out/experiment3/100/f4/50000.0'.
Stored in 'out/experiment3/100/f4/100000.0'.
Stored in 'out/experiment3/100/f4/200000.0'.
Stored in 'out/experiment3/100/f5/10000.0'.
Stored in 'out/experiment3/100/f5/50000.0'.
Stored in 'out/experiment3/100/f5/100000.0'.
Stored in 'out/experiment3/100/f5/200000.0'.
Evaluating test result in out/experiment3/100/f5/50000.0
Evaluating test result in out/experiment3/100/f5/10000.0
Evaluating test result in out/experiment3/100/f5/200000.0
Evaluating test result in out/experiment3/100/f5/100000.0
Evaluating test result in out/experiment3/100/f2/50000.0
Evaluating test result in out/experiment3/100/f2/10000.0
Evaluating test result in out/experiment3/100/f2/200000.0
Evaluating test result in out/experiment3/100/f2/100000.0
Evaluating test result in out/experiment3/100/f4/50000.0
Evaluating test result in out/experiment3/100/f4/10000.0
Evaluating test result in out/experiment3/100/f4/200000.0
Evaluating test result in out/experiment3/100/f4/100000.0
Evaluating test result in out/experiment3/100/f3/50000.0
Evaluating test result in out/experiment3/100/f3/10000.0
Evaluating test result in out/experiment3/100/f3/200000.0
Evaluating test result in out/experiment3/100/f3/100000.0
Evaluating test result in out/experiment3/100/f1/50000.0
Evaluating test result in out/experiment3/100/f1/10000.0
Evaluating test result in out/experiment3/100/f1/200000.0
Evaluating test result in out/experiment3/100/f1/100000.0
Evaluating test result in out/experiment3/2000/f5/50000.0
Evaluating test result in out/experiment3/2000/f5/10000.0
Evaluating test result in out/experiment3/2000/f5/200000.0
Evaluating test result in out/experiment3/2000/f5/100000.0
Evaluating test result in out/experiment3/2000/f2/50000.0
Evaluating test result in out/experiment3/2000/f2/10000.0
Evaluating test result in out/experiment3/2000/f2/200000.0
Evaluating test result in out/experiment3/2000/f2/100000.0
Evaluating test result in out/experiment3/2000/f4/50000.0
Evaluating test result in out/experiment3/2000/f4/10000.0
Evaluating test result in out/experiment3/2000/f4/200000.0
Evaluating test result in out/experiment3/2000/f4/100000.0
Evaluating test result in out/experiment3/2000/f3/50000.0
Evaluating test result in out/experiment3/2000/f3/10000.0
Evaluating test result in out/experiment3/2000/f3/200000.0
Evaluating test result in out/experiment3/2000/f3/100000.0
Evaluating test result in out/experiment3/2000/f1/50000.0
Evaluating test result in out/experiment3/2000/f1/10000.0
Evaluating test result in out/experiment3/2000/f1/200000.0
Evaluating test result in out/experiment3/2000/f1/100000.0
Distribution functions should have shape (12, 53)
Distribution functions should have shape (12, 53)
Distribution functions should have shape (12, 53)
Distribution functions should have shape (12, 53)
Distribution functions should have shape (12, 53)
Distribution functions should have shape (12, 53)
Distribution functions should have shape (12, 53)
Distribution functions should have shape (12, 53)
Distribution functions should have shape (12, 53)
Distribution functions should have shape (12, 53)
Distribution functions should have shape (12, 53)
Distribution functions should have shape (12, 53)
Distribution functions should have shape (12, 53)
Distribution functions should have shape (12, 53)
Distribution functions should have shape (12, 53)
Distribution functions should have shape (12, 53)
Distribution functions should have shape (12, 53)
Distribution functions should have shape (12, 53)
Distribution functions should have shape (12, 53)
Distribution functions should have shape (12, 53)
Distribution functions should have shape (12, 53)
Distribution functions should have shape (12, 53)
Distribution functions should have shape (12, 53)
Distribution functions should have shape (12, 53)
Distribution functions should have shape (12, 53)
Distribution functions should have shape (12, 53)
Distribution functions should have shape (12, 53)
Distribution functions should have shape (12, 53)
Distribution functions should have shape (12, 53)
Distribution functions should have shape (12, 53)
Distribution functions should have shape (12, 53)
Distribution functions should have shape (12, 53)
Distribution functions should have shape (12, 53)
Distribution functions should have shape (12, 53)
Distribution functions should have shape (12, 53)
Distribution functions should have shape (12, 53)
Distribution functions should have shape (12, 53)
Distribution functions should have shape (12, 53)
Distribution functions should have shape (12, 53)
Distribution functions should have shape (12, 53)
Distribution functions should have shape (12, 53)
Distribution functions should have shape (12, 53)
Distribution functions should have shape (12, 53)
Distribution functions should have shape (12, 53)
Distribution functions should have shape (12, 53)
Distribution functions should have shape (12, 53)
Distribution functions should have shape (12, 53)
Distribution functions should have shape (12, 53)
Distribution functions should have shape (12, 53)
Distribution functions should have shape (12, 53)
Distribution functions should have shape (12, 53)
Distribution functions should have shape (12, 53)
Distribution functions should have shape (12, 53)
Distribution functions should have shape (12, 53)
Distribution functions should have shape (12, 53)
Distribution functions should have shape (12, 53)
Distribution functions should have shape (12, 53)
Distribution functions should have shape (12, 53)
Distribution functions should have shape (12, 53)
Distribution functions should have shape (12, 53)
Distribution functions should have shape (12, 53)
Distribution functions should have shape (12, 53)
Distribution functions should have shape (12, 53)
Distribution functions should have shape (12, 53)
Distribution functions should have shape (12, 53)
Distribution functions should have shape (12, 53)
Distribution functions should have shape (12, 53)
Distribution functions should have shape (12, 53)
Distribution functions should have shape (12, 53)
Distribution functions should have shape (12, 53)
Distribution functions should have shape (12, 53)
Distribution functions should have shape (12, 53)
Distribution functions should have shape (12, 53)
Distribution functions should have shape (12, 53)
Distribution functions should have shape (12, 53)
Distribution functions should have shape (12, 53)
Distribution functions should have shape (12, 53)
Distribution functions should have shape (12, 53)
Distribution functions should have shape (12, 53)
Distribution functions should have shape (12, 53)
Distribution functions should have shape (12, 53)
Distribution functions should have shape (12, 53)
Distribution functions should have shape (12, 53)
Distribution functions should have shape (12, 53)
Distribution functions should have shape (12, 53)
Distribution functions should have shape (12, 53)
Distribution functions should have shape (12, 53)
Distribution functions should have shape (12, 53)
Distribution functions should have shape (12, 53)
Distribution functions should have shape (12, 53)
Distribution functions should have shape (12, 53)
Distribution functions should have shape (12, 53)
Distribution functions should have shape (12, 53)
Distribution functions should have shape (12, 53)
Distribution functions should have shape (12, 53)
Distribution functions should have shape (12, 53)
Distribution functions should have shape (12, 53)
Distribution functions should have shape (12, 53)
Distribution functions should have shape (12, 53)
Distribution functions should have shape (12, 53)
Distribution functions should have shape (12, 53)
Distribution functions should have shape (12, 53)
Distribution functions should have shape (12, 53)
Distribution functions should have shape (12, 53)
Distribution functions should have shape (12, 53)
Distribution functions should have shape (12, 53)
Distribution functions should have shape (12, 53)
Distribution functions should have shape (12, 53)
Distribution functions should have shape (12, 53)
Distribution functions should have shape (12, 53)
Distribution functions should have shape (12, 53)
Distribution functions should have shape (12, 53)
Distribution functions should have shape (12, 53)
Distribution functions should have shape (12, 53)
Distribution functions should have shape (12, 53)
Distribution functions should have shape (12, 53)
Distribution functions should have shape (12, 53)
Distribution functions should have shape (12, 53)
Distribution functions should have shape (12, 53)
Distribution functions should have shape (12, 53)
Removing out/experiment3/100/f5/50000.0/test_result.pickle.
Removing out/experiment3/100/f5/10000.0/test_result.pickle.
Removing out/experiment3/100/f5/200000.0/test_result.pickle.
Removing out/experiment3/100/f5/100000.0/test_result.pickle.
Removing out/experiment3/100/f2/50000.0/test_result.pickle.
Removing out/experiment3/100/f2/10000.0/test_result.pickle.
Removing out/experiment3/100/f2/200000.0/test_result.pickle.
Removing out/experiment3/100/f2/100000.0/test_result.pickle.
Removing out/experiment3/100/f4/50000.0/test_result.pickle.
Removing out/experiment3/100/f4/10000.0/test_result.pickle.
Removing out/experiment3/100/f4/200000.0/test_result.pickle.
Removing out/experiment3/100/f4/100000.0/test_result.pickle.
Removing out/experiment3/100/f3/50000.0/test_result.pickle.
Removing out/experiment3/100/f3/10000.0/test_result.pickle.
Removing out/experiment3/100/f3/200000.0/test_result.pickle.
Removing out/experiment3/100/f3/100000.0/test_result.pickle.
Removing out/experiment3/100/f1/50000.0/test_result.pickle.
Removing out/experiment3/100/f1/10000.0/test_result.pickle.
Removing out/experiment3/100/f1/200000.0/test_result.pickle.
Removing out/experiment3/100/f1/100000.0/test_result.pickle.
Removing out/experiment3/2000/f5/50000.0/test_result.pickle.
Removing out/experiment3/2000/f5/10000.0/test_result.pickle.
Removing out/experiment3/2000/f5/200000.0/test_result.pickle.
Removing out/experiment3/2000/f5/100000.0/test_result.pickle.
Removing out/experiment3/2000/f2/50000.0/test_result.pickle.
Removing out/experiment3/2000/f2/10000.0/test_result.pickle.
Removing out/experiment3/2000/f2/200000.0/test_result.pickle.
Removing out/experiment3/2000/f2/100000.0/test_result.pickle.
Removing out/experiment3/2000/f4/50000.0/test_result.pickle.
Removing out/experiment3/2000/f4/10000.0/test_result.pickle.
Removing out/experiment3/2000/f4/200000.0/test_result.pickle.
Removing out/experiment3/2000/f4/100000.0/test_result.pickle.
Removing out/experiment3/2000/f3/50000.0/test_result.pickle.
Removing out/experiment3/2000/f3/10000.0/test_result.pickle.
Removing out/experiment3/2000/f3/200000.0/test_result.pickle.
Removing out/experiment3/2000/f3/100000.0/test_result.pickle.
Removing out/experiment3/2000/f1/50000.0/test_result.pickle.
Removing out/experiment3/2000/f1/10000.0/test_result.pickle.
Removing out/experiment3/2000/f1/200000.0/test_result.pickle.
Removing out/experiment3/2000/f1/100000.0/test_result.pickle.
