Distribution functions should have shape (12, 53)
snr=2028.7483970227127
||y||/||y_noi-y|| = 2028.7551468805348
rdm = 0.9858294911952122
sre(theta_guess) = 0.05019847140506171
delta = 3.759603542632664e-07
||y_sd|| = 3.813644830278466e-07
y_sd_min = 3.868780968797777e-09
Distribution functions should have shape (12, 53)
snr=2011.2017899333953
||y||/||y_noi-y|| = 2011.1991800983087
rdm = 0.9944303003361162
sre(theta_guess) = 0.05016914626094068
delta = 3.233138510960358e-07
||y_sd|| = 3.2512469801730434e-07
y_sd_min = 3.2982521974486645e-09
Distribution functions should have shape (12, 53)
snr=2002.816861282809
||y||/||y_noi-y|| = 2002.8153069838754
rdm = 0.9985935502455247
sre(theta_guess) = 0.048480950924446695
delta = 3.199673257682106e-07
||y_sd|| = 3.2041797755407196e-07
y_sd_min = 3.250504514158835e-09
Distribution functions should have shape (12, 53)
snr=2018.4449009981602
||y||/||y_noi-y|| = 2018.4454100132516
rdm = 0.9908618258595808
sre(theta_guess) = 0.04984966008515762
delta = 2.408766970953209e-07
||y_sd|| = 2.4309817051066434e-07
y_sd_min = 2.466127857933076e-09
Distribution functions should have shape (12, 53)
snr=1995.4980775608908
||y||/||y_noi-y|| = 1995.4957522104057
rdm = 1.0022560394769278
sre(theta_guess) = 0.052089312964192086
delta = 2.1983730324351464e-07
||y_sd|| = 2.1934245799930157e-07
y_sd_min = 2.2251362277358793e-09
Distribution functions should have shape (12, 53)
snr=1978.8396930140466
||y||/||y_noi-y|| = 1978.8448025008022
rdm = 1.0106932901440442
sre(theta_guess) = 0.04961434872665455
delta = 2.615003626255011e-07
||y_sd|| = 2.587336486504549e-07
y_sd_min = 2.6247431536863932e-09
Distribution functions should have shape (12, 53)
snr=1993.2795630046567
||y||/||y_noi-y|| = 1993.288022099916
rdm = 1.0033715476343996
sre(theta_guess) = 0.04892090768916196
delta = 3.4998093813882836e-07
||y_sd|| = 3.488049257166608e-07
y_sd_min = 3.538478066236205e-09
Distribution functions should have shape (12, 53)
snr=2000.2694198253805
||y||/||y_noi-y|| = 2000.2808083710988
rdm = 0.999865308231628
sre(theta_guess) = 0.048953712067147125
delta = 2.435696888845515e-07
||y_sd|| = 2.436025001360749e-07
y_sd_min = 2.4712440681299357e-09
Distribution functions should have shape (12, 53)
snr=1998.96101921547
||y||/||y_noi-y|| = 1998.9649765375573
rdm = 1.0005197604028009
sre(theta_guess) = 0.04922349636391408
delta = 3.032745946991494e-07
||y_sd|| = 3.0311704646098514e-07
y_sd_min = 3.0749939044030604e-09
Distribution functions should have shape (12, 53)
snr=1981.363049963895
||y||/||y_noi-y|| = 1981.359595622839
rdm = 1.0094061257660203
sre(theta_guess) = 0.051857340674572205
delta = 2.829208789243538e-07
||y_sd|| = 2.802844877820112e-07
y_sd_min = 2.8433672783868114e-09
Distribution functions should have shape (12, 53)
snr=1994.430414004076
||y||/||y_noi-y|| = 1994.4290669063507
rdm = 1.0027925697265834
sre(theta_guess) = 0.05037601720709709
delta = 3.331770857804617e-07
||y_sd|| = 3.322492565648995e-07
y_sd_min = 3.370527822858729e-09
Distribution functions should have shape (12, 53)
snr=2010.5470185019271
||y||/||y_noi-y|| = 2010.561503603264
rdm = 0.9947541547624248
sre(theta_guess) = 0.05002452372541922
delta = 1.581012159909599e-07
||y_sd|| = 1.5893496421607714e-07
y_sd_min = 1.6123278181382654e-09
Distribution functions should have shape (12, 53)
snr=2016.445827360011
||y||/||y_noi-y|| = 2016.4256214749307
rdm = 0.9918441511609839
sre(theta_guess) = 0.049917224383201585
delta = 1.4494258584707777e-07
||y_sd|| = 1.4613443621905532e-07
y_sd_min = 1.4824718894679888e-09
Distribution functions should have shape (12, 53)
snr=1978.875717347132
||y||/||y_noi-y|| = 1978.8712932060416
rdm = 1.0106748910341814
sre(theta_guess) = 0.04920549614040373
delta = 3.4875231741802636e-07
||y_sd|| = 3.4506874615353606e-07
y_sd_min = 3.500576108835583e-09
Distribution functions should have shape (12, 53)
snr=1977.738641209483
||y||/||y_noi-y|| = 1977.7339847181422
rdm = 1.0112559659434577
sre(theta_guess) = 0.0501555625473863
delta = 4.768479861314996e-07
||y_sd|| = 4.715403440775953e-07
y_sd_min = 4.783576841513466e-09
Distribution functions should have shape (12, 53)
snr=2018.968217571309
||y||/||y_noi-y|| = 2018.9647897980376
rdm = 0.9906049944688458
sre(theta_guess) = 0.04850690887921204
delta = 3.276233741132019e-07
||y_sd|| = 3.3073058983401417e-07
y_sd_min = 3.3551215928402853e-09
Distribution functions should have shape (12, 53)
snr=1998.948641957414
||y||/||y_noi-y|| = 1998.9700214576153
rdm = 1.0005259555050676
sre(theta_guess) = 0.050239768312700696
delta = 4.918002345107543e-07
||y_sd|| = 4.915417054448068e-07
y_sd_min = 4.986482171325881e-09
Distribution functions should have shape (12, 53)
snr=2023.6445061641239
||y||/||y_noi-y|| = 2023.643559049741
rdm = 0.988315879546974
sre(theta_guess) = 0.05030370341984972
delta = 2.0059877411297515e-07
||y_sd|| = 2.029703035884901e-07
y_sd_min = 2.0590476635888573e-09
Distribution functions should have shape (12, 53)
snr=2013.6674859399507
||y||/||y_noi-y|| = 2013.6641375036363
rdm = 0.9932126401030047
sre(theta_guess) = 0.04925883743432977
delta = 2.1506930473868269e-07
||y_sd|| = 2.1653903308799785e-07
y_sd_min = 2.196696670758276e-09
Distribution functions should have shape (12, 53)
snr=2004.3671774511142
||y||/||y_noi-y|| = 2004.3768324935252
rdm = 0.9978211689453684
sre(theta_guess) = 0.0501063219385787
delta = 2.9191094297141995e-07
||y_sd|| = 2.925483564153588e-07
y_sd_min = 2.9677790253744477e-09
Distribution functions should have shape (12, 53)
snr=101.27797866410533
||y||/||y_noi-y|| = 101.27106246208673
rdm = 0.9873814754109201
sre(theta_guess) = 0.0488718163270896
delta = 7.537398290471784e-06
||y_sd|| = 7.633724632452675e-06
y_sd_min = 7.74408994371907e-08
Distribution functions should have shape (12, 53)
snr=100.70460116481776
||y||/||y_noi-y|| = 100.69670523124006
rdm = 0.9930032872712083
sre(theta_guess) = 0.0491752979086743
delta = 6.940822984895101e-06
||y_sd|| = 6.989728104494626e-06
y_sd_min = 7.090782773750125e-08
Distribution functions should have shape (12, 53)
snr=101.52962047059367
||y||/||y_noi-y|| = 101.53460326550234
rdm = 0.9849342441791489
sre(theta_guess) = 0.04981976751095935
delta = 5.922557249851997e-06
||y_sd|| = 6.013149897928371e-06
y_sd_min = 6.100085593428195e-08
Distribution functions should have shape (12, 53)
snr=100.45372304995718
||y||/||y_noi-y|| = 100.46048983523899
rdm = 0.9954832629774059
sre(theta_guess) = 0.049986029963695514
delta = 5.175812686261141e-06
||y_sd|| = 5.199296541441304e-06
y_sd_min = 5.274465873424176e-08
Distribution functions should have shape (12, 53)
snr=100.7885016987648
||y||/||y_noi-y|| = 100.79181215848948
rdm = 0.9921766701015018
sre(theta_guess) = 0.05030703096235094
delta = 4.425484852719744e-06
||y_sd|| = 4.460379875962027e-06
y_sd_min = 4.524866248876787e-08
Distribution functions should have shape (12, 53)
snr=99.45706139896762
||y||/||y_noi-y|| = 99.46318862107185
rdm = 1.0054590251651858
sre(theta_guess) = 0.050146014651095874
delta = 5.372834993277013e-06
||y_sd|| = 5.3436637981287485e-06
y_sd_min = 5.420920333670558e-08
Distribution functions should have shape (12, 53)
snr=99.8650511791755
||y||/||y_noi-y|| = 99.86517737700119
rdm = 1.0013513117875683
sre(theta_guess) = 0.04872787632668696
delta = 7.01242761609032e-06
||y_sd|| = 7.00296442771125e-06
y_sd_min = 7.104210462388234e-08
Distribution functions should have shape (12, 53)
snr=99.23796636813404
||y||/||y_noi-y|| = 99.24156754209811
rdm = 1.0076788517515476
sre(theta_guess) = 0.049173399064525274
delta = 4.941296367223358e-06
||y_sd|| = 4.90364202705493e-06
y_sd_min = 4.9745369053368087e-08
Distribution functions should have shape (12, 53)
snr=100.08628308742801
||y||/||y_noi-y|| = 100.09586339836612
rdm = 0.9991379129610333
sre(theta_guess) = 0.049184789901605096
delta = 5.786279077692457e-06
||y_sd|| = 5.791271657927905e-06
y_sd_min = 5.8749995273402094e-08
Distribution functions should have shape (12, 53)
snr=101.06386749587966
||y||/||y_noi-y|| = 101.06770339711932
rdm = 0.9894733150210877
sre(theta_guess) = 0.05165269281372688
delta = 5.452422920824718e-06
||y_sd|| = 5.510429476017272e-06
y_sd_min = 5.590097042456177e-08
Distribution functions should have shape (12, 53)
snr=101.44404395699769
||y||/||y_noi-y|| = 101.44751878751653
rdm = 0.9857651183778732
sre(theta_guess) = 0.05177394526556625
delta = 6.779567921529248e-06
||y_sd|| = 6.877467862410668e-06
y_sd_min = 6.976899518372257e-08
Distribution functions should have shape (12, 53)
snr=100.5232363602939
||y||/||y_noi-y|| = 100.5197312191006
rdm = 0.9947948715218589
sre(theta_guess) = 0.05092050347409126
delta = 3.086666890863872e-06
||y_sd|| = 3.102817454358019e-06
y_sd_min = 3.147676737426383e-08
Distribution functions should have shape (12, 53)
snr=99.6251668043769
||y||/||y_noi-y|| = 99.62267647047041
rdm = 1.003762434810866
sre(theta_guess) = 0.04976357974914942
delta = 3.0922120694922255e-06
||y_sd|| = 3.080621432176702e-06
y_sd_min = 3.1251598141103134e-08
Distribution functions should have shape (12, 53)
snr=100.69886205255526
||y||/||y_noi-y|| = 100.69279646898154
rdm = 0.9930598813302325
sre(theta_guess) = 0.04968747290971428
delta = 6.577093163330301e-06
||y_sd|| = 6.623057971610006e-06
y_sd_min = 6.718811472000226e-08
Distribution functions should have shape (12, 53)
snr=99.21689378242219
||y||/||y_noi-y|| = 99.21614592140612
rdm = 1.0078928717451598
sre(theta_guess) = 0.04819886699429528
delta = 9.514934160176916e-06
||y_sd|| = 9.440422119170157e-06
y_sd_min = 9.576907933871812e-08
Distribution functions should have shape (12, 53)
snr=99.927953407058
||y||/||y_noi-y|| = 99.93104821367317
rdm = 1.000720985374818
sre(theta_guess) = 0.04884492136372263
delta = 6.267625260033207e-06
||y_sd|| = 6.263109649574976e-06
y_sd_min = 6.353659162329536e-08
Distribution functions should have shape (12, 53)
snr=100.31538719122766
||y||/||y_noi-y|| = 100.32080905564868
rdm = 0.9968560437231188
sre(theta_guess) = 0.04939379562447931
delta = 9.96777416438537e-06
||y_sd|| = 9.999211247350352e-06
y_sd_min = 1.0143775809849877e-07
Distribution functions should have shape (12, 53)
snr=99.71664789019056
||y||/||y_noi-y|| = 99.73146203716847
rdm = 1.0028415727544457
sre(theta_guess) = 0.050073750861566256
delta = 4.02091640691694e-06
||y_sd|| = 4.009523055444266e-06
y_sd_min = 4.0674911223251124e-08
Distribution functions should have shape (12, 53)
snr=100.68631669276678
||y||/||y_noi-y|| = 100.6945362846131
rdm = 0.9931836150600188
sre(theta_guess) = 0.05010888627408129
delta = 4.041969100266822e-06
||y_sd|| = 4.069709808918423e-06
y_sd_min = 4.128548031601469e-08
Distribution functions should have shape (12, 53)
snr=99.01451915974951
||y||/||y_noi-y|| = 99.02183296347616
rdm = 1.0099528922486665
sre(theta_guess) = 0.050377893733286105
delta = 5.578795143889172e-06
||y_sd|| = 5.523817186629307e-06
y_sd_min = 5.603678307187613e-08
Run supertest on trial 2000
Stored in 'out/experiment7/2000/f1/fixed'.
Stored in 'out/experiment7/2000/f1/partially fixed'.
Stored in 'out/experiment7/2000/f1/not fixed'.
Stored in 'out/experiment7/2000/f2/fixed'.
Stored in 'out/experiment7/2000/f2/partially fixed'.
Stored in 'out/experiment7/2000/f2/not fixed'.
Stored in 'out/experiment7/2000/f3/fixed'.
Stored in 'out/experiment7/2000/f3/partially fixed'.
Stored in 'out/experiment7/2000/f3/not fixed'.
Stored in 'out/experiment7/2000/f4/fixed'.
Stored in 'out/experiment7/2000/f4/partially fixed'.
Stored in 'out/experiment7/2000/f4/not fixed'.
Stored in 'out/experiment7/2000/f5/fixed'.
Stored in 'out/experiment7/2000/f5/partially fixed'.
Stored in 'out/experiment7/2000/f5/not fixed'.
Stored in 'out/experiment7/2000/f6/fixed'.
Stored in 'out/experiment7/2000/f6/partially fixed'.
Stored in 'out/experiment7/2000/f6/not fixed'.
Stored in 'out/experiment7/2000/f7/fixed'.
Stored in 'out/experiment7/2000/f7/partially fixed'.
Stored in 'out/experiment7/2000/f7/not fixed'.
Stored in 'out/experiment7/2000/f8/fixed'.
Stored in 'out/experiment7/2000/f8/partially fixed'.
Stored in 'out/experiment7/2000/f8/not fixed'.
Stored in 'out/experiment7/2000/f9/fixed'.
Stored in 'out/experiment7/2000/f9/partially fixed'.
Stored in 'out/experiment7/2000/f9/not fixed'.
Stored in 'out/experiment7/2000/f10/fixed'.
Stored in 'out/experiment7/2000/f10/partially fixed'.
Stored in 'out/experiment7/2000/f10/not fixed'.
Stored in 'out/experiment7/2000/f11/fixed'.
Stored in 'out/experiment7/2000/f11/partially fixed'.
Stored in 'out/experiment7/2000/f11/not fixed'.
Stored in 'out/experiment7/2000/f12/fixed'.
Stored in 'out/experiment7/2000/f12/partially fixed'.
Stored in 'out/experiment7/2000/f12/not fixed'.
Stored in 'out/experiment7/2000/f13/fixed'.
Stored in 'out/experiment7/2000/f13/partially fixed'.
Stored in 'out/experiment7/2000/f13/not fixed'.
Stored in 'out/experiment7/2000/f14/fixed'.
Stored in 'out/experiment7/2000/f14/partially fixed'.
Stored in 'out/experiment7/2000/f14/not fixed'.
Stored in 'out/experiment7/2000/f15/fixed'.
Stored in 'out/experiment7/2000/f15/partially fixed'.
Stored in 'out/experiment7/2000/f15/not fixed'.
Stored in 'out/experiment7/2000/f16/fixed'.
Stored in 'out/experiment7/2000/f16/partially fixed'.
Stored in 'out/experiment7/2000/f16/not fixed'.
Stored in 'out/experiment7/2000/f17/fixed'.
Stored in 'out/experiment7/2000/f17/partially fixed'.
Stored in 'out/experiment7/2000/f17/not fixed'.
Stored in 'out/experiment7/2000/f18/fixed'.
Stored in 'out/experiment7/2000/f18/partially fixed'.
Stored in 'out/experiment7/2000/f18/not fixed'.
Stored in 'out/experiment7/2000/f19/fixed'.
Stored in 'out/experiment7/2000/f19/partially fixed'.
Stored in 'out/experiment7/2000/f19/not fixed'.
Stored in 'out/experiment7/2000/f20/fixed'.
Stored in 'out/experiment7/2000/f20/partially fixed'.
Stored in 'out/experiment7/2000/f20/not fixed'.
Run supertest on trial 100
Stored in 'out/experiment7/100/f1/fixed'.
Stored in 'out/experiment7/100/f1/partially fixed'.
Stored in 'out/experiment7/100/f1/not fixed'.
Stored in 'out/experiment7/100/f2/fixed'.
Stored in 'out/experiment7/100/f2/partially fixed'.
Stored in 'out/experiment7/100/f2/not fixed'.
Stored in 'out/experiment7/100/f3/fixed'.
Stored in 'out/experiment7/100/f3/partially fixed'.
Stored in 'out/experiment7/100/f3/not fixed'.
Stored in 'out/experiment7/100/f4/fixed'.
Stored in 'out/experiment7/100/f4/partially fixed'.
Stored in 'out/experiment7/100/f4/not fixed'.
Stored in 'out/experiment7/100/f5/fixed'.
Stored in 'out/experiment7/100/f5/partially fixed'.
Stored in 'out/experiment7/100/f5/not fixed'.
Stored in 'out/experiment7/100/f6/fixed'.
Stored in 'out/experiment7/100/f6/partially fixed'.
Stored in 'out/experiment7/100/f6/not fixed'.
Stored in 'out/experiment7/100/f7/fixed'.
Stored in 'out/experiment7/100/f7/partially fixed'.
Stored in 'out/experiment7/100/f7/not fixed'.
Stored in 'out/experiment7/100/f8/fixed'.
Stored in 'out/experiment7/100/f8/partially fixed'.
Stored in 'out/experiment7/100/f8/not fixed'.
Stored in 'out/experiment7/100/f9/fixed'.
Stored in 'out/experiment7/100/f9/partially fixed'.
Stored in 'out/experiment7/100/f9/not fixed'.
Stored in 'out/experiment7/100/f10/fixed'.
Stored in 'out/experiment7/100/f10/partially fixed'.
Stored in 'out/experiment7/100/f10/not fixed'.
Stored in 'out/experiment7/100/f11/fixed'.
Stored in 'out/experiment7/100/f11/partially fixed'.
Stored in 'out/experiment7/100/f11/not fixed'.
Stored in 'out/experiment7/100/f12/fixed'.
Stored in 'out/experiment7/100/f12/partially fixed'.
Stored in 'out/experiment7/100/f12/not fixed'.
Stored in 'out/experiment7/100/f13/fixed'.
Stored in 'out/experiment7/100/f13/partially fixed'.
Stored in 'out/experiment7/100/f13/not fixed'.
Stored in 'out/experiment7/100/f14/fixed'.
Stored in 'out/experiment7/100/f14/partially fixed'.
Stored in 'out/experiment7/100/f14/not fixed'.
Stored in 'out/experiment7/100/f15/fixed'.
Stored in 'out/experiment7/100/f15/partially fixed'.
Stored in 'out/experiment7/100/f15/not fixed'.
Stored in 'out/experiment7/100/f16/fixed'.
Stored in 'out/experiment7/100/f16/partially fixed'.
Stored in 'out/experiment7/100/f16/not fixed'.
Stored in 'out/experiment7/100/f17/fixed'.
Stored in 'out/experiment7/100/f17/partially fixed'.
Stored in 'out/experiment7/100/f17/not fixed'.
Stored in 'out/experiment7/100/f18/fixed'.
Stored in 'out/experiment7/100/f18/partially fixed'.
Stored in 'out/experiment7/100/f18/not fixed'.
Stored in 'out/experiment7/100/f19/fixed'.
Stored in 'out/experiment7/100/f19/partially fixed'.
Stored in 'out/experiment7/100/f19/not fixed'.
Stored in 'out/experiment7/100/f20/fixed'.
Stored in 'out/experiment7/100/f20/partially fixed'.
Stored in 'out/experiment7/100/f20/not fixed'.
Evaluating test result in out/experiment7/100/f12/not fixed
Evaluating test result in out/experiment7/100/f12/fixed
Evaluating test result in out/experiment7/100/f12/partially fixed
Evaluating test result in out/experiment7/100/f19/not fixed
Evaluating test result in out/experiment7/100/f19/fixed
Evaluating test result in out/experiment7/100/f19/partially fixed
Evaluating test result in out/experiment7/100/f5/not fixed
Evaluating test result in out/experiment7/100/f5/fixed
Evaluating test result in out/experiment7/100/f5/partially fixed
Evaluating test result in out/experiment7/100/f11/not fixed
Evaluating test result in out/experiment7/100/f11/fixed
Evaluating test result in out/experiment7/100/f11/partially fixed
Evaluating test result in out/experiment7/100/f15/not fixed
Evaluating test result in out/experiment7/100/f15/fixed
Evaluating test result in out/experiment7/100/f15/partially fixed
Evaluating test result in out/experiment7/100/f13/not fixed
Evaluating test result in out/experiment7/100/f13/fixed
Evaluating test result in out/experiment7/100/f13/partially fixed
Evaluating test result in out/experiment7/100/f14/not fixed
Evaluating test result in out/experiment7/100/f14/fixed
Evaluating test result in out/experiment7/100/f14/partially fixed
Evaluating test result in out/experiment7/100/f6/not fixed
Evaluating test result in out/experiment7/100/f6/fixed
Evaluating test result in out/experiment7/100/f6/partially fixed
Evaluating test result in out/experiment7/100/f9/not fixed
Evaluating test result in out/experiment7/100/f9/fixed
Evaluating test result in out/experiment7/100/f9/partially fixed
Evaluating test result in out/experiment7/100/f7/not fixed
Evaluating test result in out/experiment7/100/f7/fixed
Evaluating test result in out/experiment7/100/f7/partially fixed
Evaluating test result in out/experiment7/100/f17/not fixed
Evaluating test result in out/experiment7/100/f17/fixed
Evaluating test result in out/experiment7/100/f17/partially fixed
Evaluating test result in out/experiment7/100/f16/not fixed
Evaluating test result in out/experiment7/100/f16/fixed
Evaluating test result in out/experiment7/100/f16/partially fixed
Evaluating test result in out/experiment7/100/f8/not fixed
Evaluating test result in out/experiment7/100/f8/fixed
Evaluating test result in out/experiment7/100/f8/partially fixed
Evaluating test result in out/experiment7/100/f2/not fixed
Evaluating test result in out/experiment7/100/f2/fixed
Evaluating test result in out/experiment7/100/f2/partially fixed
Evaluating test result in out/experiment7/100/f18/not fixed
Evaluating test result in out/experiment7/100/f18/fixed
Evaluating test result in out/experiment7/100/f18/partially fixed
Evaluating test result in out/experiment7/100/f4/not fixed
Evaluating test result in out/experiment7/100/f4/fixed
Evaluating test result in out/experiment7/100/f4/partially fixed
Evaluating test result in out/experiment7/100/f3/not fixed
Evaluating test result in out/experiment7/100/f3/fixed
Evaluating test result in out/experiment7/100/f3/partially fixed
Evaluating test result in out/experiment7/100/f1/not fixed
Evaluating test result in out/experiment7/100/f1/fixed
Evaluating test result in out/experiment7/100/f1/partially fixed
Evaluating test result in out/experiment7/100/f20/not fixed
Evaluating test result in out/experiment7/100/f20/fixed
Evaluating test result in out/experiment7/100/f20/partially fixed
Evaluating test result in out/experiment7/100/f10/not fixed
Evaluating test result in out/experiment7/100/f10/fixed
Evaluating test result in out/experiment7/100/f10/partially fixed
Evaluating test result in out/experiment7/2000/f12/not fixed
Evaluating test result in out/experiment7/2000/f12/fixed
Evaluating test result in out/experiment7/2000/f12/partially fixed
Evaluating test result in out/experiment7/2000/f19/not fixed
Evaluating test result in out/experiment7/2000/f19/fixed
Evaluating test result in out/experiment7/2000/f19/partially fixed
Evaluating test result in out/experiment7/2000/f5/not fixed
Evaluating test result in out/experiment7/2000/f5/fixed
Evaluating test result in out/experiment7/2000/f5/partially fixed
Evaluating test result in out/experiment7/2000/f11/not fixed
Evaluating test result in out/experiment7/2000/f11/fixed
Evaluating test result in out/experiment7/2000/f11/partially fixed
Evaluating test result in out/experiment7/2000/f15/not fixed
Evaluating test result in out/experiment7/2000/f15/fixed
Evaluating test result in out/experiment7/2000/f15/partially fixed
Evaluating test result in out/experiment7/2000/f13/not fixed
Evaluating test result in out/experiment7/2000/f13/fixed
Evaluating test result in out/experiment7/2000/f13/partially fixed
Evaluating test result in out/experiment7/2000/f14/not fixed
Evaluating test result in out/experiment7/2000/f14/fixed
Evaluating test result in out/experiment7/2000/f14/partially fixed
Evaluating test result in out/experiment7/2000/f6/not fixed
Evaluating test result in out/experiment7/2000/f6/fixed
Evaluating test result in out/experiment7/2000/f6/partially fixed
Evaluating test result in out/experiment7/2000/f9/not fixed
Evaluating test result in out/experiment7/2000/f9/fixed
Evaluating test result in out/experiment7/2000/f9/partially fixed
Evaluating test result in out/experiment7/2000/f7/not fixed
Evaluating test result in out/experiment7/2000/f7/fixed
Evaluating test result in out/experiment7/2000/f7/partially fixed
Evaluating test result in out/experiment7/2000/f17/not fixed
Evaluating test result in out/experiment7/2000/f17/fixed
Evaluating test result in out/experiment7/2000/f17/partially fixed
Evaluating test result in out/experiment7/2000/f16/not fixed
Evaluating test result in out/experiment7/2000/f16/fixed
Evaluating test result in out/experiment7/2000/f16/partially fixed
Evaluating test result in out/experiment7/2000/f8/not fixed
Evaluating test result in out/experiment7/2000/f8/fixed
Evaluating test result in out/experiment7/2000/f8/partially fixed
Evaluating test result in out/experiment7/2000/f2/not fixed
Evaluating test result in out/experiment7/2000/f2/fixed
Evaluating test result in out/experiment7/2000/f2/partially fixed
Evaluating test result in out/experiment7/2000/f18/not fixed
Evaluating test result in out/experiment7/2000/f18/fixed
Evaluating test result in out/experiment7/2000/f18/partially fixed
Evaluating test result in out/experiment7/2000/f4/not fixed
Evaluating test result in out/experiment7/2000/f4/fixed
Evaluating test result in out/experiment7/2000/f4/partially fixed
Evaluating test result in out/experiment7/2000/f3/not fixed
Evaluating test result in out/experiment7/2000/f3/fixed
Evaluating test result in out/experiment7/2000/f3/partially fixed
Evaluating test result in out/experiment7/2000/f1/not fixed
Evaluating test result in out/experiment7/2000/f1/fixed
Evaluating test result in out/experiment7/2000/f1/partially fixed
Evaluating test result in out/experiment7/2000/f20/not fixed
Evaluating test result in out/experiment7/2000/f20/fixed
Evaluating test result in out/experiment7/2000/f20/partially fixed
Evaluating test result in out/experiment7/2000/f10/not fixed
Evaluating test result in out/experiment7/2000/f10/fixed
Evaluating test result in out/experiment7/2000/f10/partially fixed
Distribution functions should have shape (12, 53)
Distribution functions should have shape (12, 53)
Distribution functions should have shape (12, 53)
Distribution functions should have shape (12, 53)
Distribution functions should have shape (12, 53)
Distribution functions should have shape (12, 53)
Distribution functions should have shape (12, 53)
Distribution functions should have shape (12, 53)
Distribution functions should have shape (12, 53)
Distribution functions should have shape (12, 53)
Distribution functions should have shape (12, 53)
Distribution functions should have shape (12, 53)
Distribution functions should have shape (12, 53)
Distribution functions should have shape (12, 53)
Distribution functions should have shape (12, 53)
Distribution functions should have shape (12, 53)
Distribution functions should have shape (12, 53)
Distribution functions should have shape (12, 53)
Distribution functions should have shape (12, 53)
Distribution functions should have shape (12, 53)
Distribution functions should have shape (12, 53)
Distribution functions should have shape (12, 53)
Distribution functions should have shape (12, 53)
Distribution functions should have shape (12, 53)
Distribution functions should have shape (12, 53)
Distribution functions should have shape (12, 53)
Distribution functions should have shape (12, 53)
Distribution functions should have shape (12, 53)
Distribution functions should have shape (12, 53)
Distribution functions should have shape (12, 53)
Distribution functions should have shape (12, 53)
Distribution functions should have shape (12, 53)
Distribution functions should have shape (12, 53)
Distribution functions should have shape (12, 53)
Distribution functions should have shape (12, 53)
Distribution functions should have shape (12, 53)
Distribution functions should have shape (12, 53)
Distribution functions should have shape (12, 53)
Distribution functions should have shape (12, 53)
Distribution functions should have shape (12, 53)
Distribution functions should have shape (12, 53)
Distribution functions should have shape (12, 53)
Distribution functions should have shape (12, 53)
Distribution functions should have shape (12, 53)
Distribution functions should have shape (12, 53)
Distribution functions should have shape (12, 53)
Distribution functions should have shape (12, 53)
Distribution functions should have shape (12, 53)
Distribution functions should have shape (12, 53)
Distribution functions should have shape (12, 53)
Distribution functions should have shape (12, 53)
Distribution functions should have shape (12, 53)
Distribution functions should have shape (12, 53)
Distribution functions should have shape (12, 53)
Distribution functions should have shape (12, 53)
Distribution functions should have shape (12, 53)
Distribution functions should have shape (12, 53)
Distribution functions should have shape (12, 53)
Distribution functions should have shape (12, 53)
Distribution functions should have shape (12, 53)
Distribution functions should have shape (12, 53)
Distribution functions should have shape (12, 53)
Distribution functions should have shape (12, 53)
Distribution functions should have shape (12, 53)
Distribution functions should have shape (12, 53)
Distribution functions should have shape (12, 53)
Distribution functions should have shape (12, 53)
Distribution functions should have shape (12, 53)
Distribution functions should have shape (12, 53)
Distribution functions should have shape (12, 53)
Distribution functions should have shape (12, 53)
Distribution functions should have shape (12, 53)
Distribution functions should have shape (12, 53)
Distribution functions should have shape (12, 53)
Distribution functions should have shape (12, 53)
Distribution functions should have shape (12, 53)
Distribution functions should have shape (12, 53)
Distribution functions should have shape (12, 53)
Distribution functions should have shape (12, 53)
Distribution functions should have shape (12, 53)
Distribution functions should have shape (12, 53)
Distribution functions should have shape (12, 53)
Distribution functions should have shape (12, 53)
Distribution functions should have shape (12, 53)
Distribution functions should have shape (12, 53)
Distribution functions should have shape (12, 53)
Distribution functions should have shape (12, 53)
Distribution functions should have shape (12, 53)
Distribution functions should have shape (12, 53)
Distribution functions should have shape (12, 53)
Distribution functions should have shape (12, 53)
Distribution functions should have shape (12, 53)
Distribution functions should have shape (12, 53)
Distribution functions should have shape (12, 53)
Distribution functions should have shape (12, 53)
Distribution functions should have shape (12, 53)
Distribution functions should have shape (12, 53)
Distribution functions should have shape (12, 53)
Distribution functions should have shape (12, 53)
Distribution functions should have shape (12, 53)
Distribution functions should have shape (12, 53)
Distribution functions should have shape (12, 53)
Distribution functions should have shape (12, 53)
Distribution functions should have shape (12, 53)
Distribution functions should have shape (12, 53)
Distribution functions should have shape (12, 53)
Distribution functions should have shape (12, 53)
Distribution functions should have shape (12, 53)
Distribution functions should have shape (12, 53)
Distribution functions should have shape (12, 53)
Distribution functions should have shape (12, 53)
Distribution functions should have shape (12, 53)
Distribution functions should have shape (12, 53)
Distribution functions should have shape (12, 53)
Distribution functions should have shape (12, 53)
Distribution functions should have shape (12, 53)
Distribution functions should have shape (12, 53)
Distribution functions should have shape (12, 53)
Distribution functions should have shape (12, 53)
Distribution functions should have shape (12, 53)
Distribution functions should have shape (12, 53)
Distribution functions should have shape (12, 53)
Distribution functions should have shape (12, 53)
Distribution functions should have shape (12, 53)
Distribution functions should have shape (12, 53)
Distribution functions should have shape (12, 53)
Distribution functions should have shape (12, 53)
Distribution functions should have shape (12, 53)
Distribution functions should have shape (12, 53)
Distribution functions should have shape (12, 53)
Distribution functions should have shape (12, 53)
Distribution functions should have shape (12, 53)
Distribution functions should have shape (12, 53)
Distribution functions should have shape (12, 53)
Distribution functions should have shape (12, 53)
Distribution functions should have shape (12, 53)
Distribution functions should have shape (12, 53)
Distribution functions should have shape (12, 53)
Distribution functions should have shape (12, 53)
Distribution functions should have shape (12, 53)
Distribution functions should have shape (12, 53)
Distribution functions should have shape (12, 53)
Distribution functions should have shape (12, 53)
Distribution functions should have shape (12, 53)
Distribution functions should have shape (12, 53)
Distribution functions should have shape (12, 53)
Distribution functions should have shape (12, 53)
Distribution functions should have shape (12, 53)
Distribution functions should have shape (12, 53)
Distribution functions should have shape (12, 53)
Distribution functions should have shape (12, 53)
Distribution functions should have shape (12, 53)
Distribution functions should have shape (12, 53)
Distribution functions should have shape (12, 53)
Distribution functions should have shape (12, 53)
Distribution functions should have shape (12, 53)
Distribution functions should have shape (12, 53)
Distribution functions should have shape (12, 53)
Distribution functions should have shape (12, 53)
Distribution functions should have shape (12, 53)
Distribution functions should have shape (12, 53)
Distribution functions should have shape (12, 53)
Distribution functions should have shape (12, 53)
Distribution functions should have shape (12, 53)
Distribution functions should have shape (12, 53)
Distribution functions should have shape (12, 53)
Distribution functions should have shape (12, 53)
Distribution functions should have shape (12, 53)
Distribution functions should have shape (12, 53)
Distribution functions should have shape (12, 53)
Distribution functions should have shape (12, 53)
Distribution functions should have shape (12, 53)
Distribution functions should have shape (12, 53)
Distribution functions should have shape (12, 53)
Distribution functions should have shape (12, 53)
Distribution functions should have shape (12, 53)
Distribution functions should have shape (12, 53)
Distribution functions should have shape (12, 53)
Distribution functions should have shape (12, 53)
Distribution functions should have shape (12, 53)
Distribution functions should have shape (12, 53)
Distribution functions should have shape (12, 53)
Distribution functions should have shape (12, 53)
Distribution functions should have shape (12, 53)
Distribution functions should have shape (12, 53)
Distribution functions should have shape (12, 53)
Distribution functions should have shape (12, 53)
Distribution functions should have shape (12, 53)
Distribution functions should have shape (12, 53)
Distribution functions should have shape (12, 53)
Distribution functions should have shape (12, 53)
Distribution functions should have shape (12, 53)
Distribution functions should have shape (12, 53)
Distribution functions should have shape (12, 53)
Distribution functions should have shape (12, 53)
Distribution functions should have shape (12, 53)
Distribution functions should have shape (12, 53)
Distribution functions should have shape (12, 53)
Distribution functions should have shape (12, 53)
Distribution functions should have shape (12, 53)
Distribution functions should have shape (12, 53)
Distribution functions should have shape (12, 53)
Distribution functions should have shape (12, 53)
Distribution functions should have shape (12, 53)
Distribution functions should have shape (12, 53)
Distribution functions should have shape (12, 53)
Distribution functions should have shape (12, 53)
Distribution functions should have shape (12, 53)
Distribution functions should have shape (12, 53)
Distribution functions should have shape (12, 53)
Distribution functions should have shape (12, 53)
Distribution functions should have shape (12, 53)
Distribution functions should have shape (12, 53)
Distribution functions should have shape (12, 53)
Distribution functions should have shape (12, 53)
Distribution functions should have shape (12, 53)
Distribution functions should have shape (12, 53)
Distribution functions should have shape (12, 53)
Distribution functions should have shape (12, 53)
Distribution functions should have shape (12, 53)
Distribution functions should have shape (12, 53)
Distribution functions should have shape (12, 53)
Distribution functions should have shape (12, 53)
Distribution functions should have shape (12, 53)
Distribution functions should have shape (12, 53)
Distribution functions should have shape (12, 53)
Distribution functions should have shape (12, 53)
Distribution functions should have shape (12, 53)
Distribution functions should have shape (12, 53)
Distribution functions should have shape (12, 53)
Distribution functions should have shape (12, 53)
Distribution functions should have shape (12, 53)
Distribution functions should have shape (12, 53)
Distribution functions should have shape (12, 53)
Distribution functions should have shape (12, 53)
Distribution functions should have shape (12, 53)
Distribution functions should have shape (12, 53)
Distribution functions should have shape (12, 53)
Distribution functions should have shape (12, 53)
Distribution functions should have shape (12, 53)
Distribution functions should have shape (12, 53)
Distribution functions should have shape (12, 53)
Distribution functions should have shape (12, 53)
Distribution functions should have shape (12, 53)
Distribution functions should have shape (12, 53)
Distribution functions should have shape (12, 53)
Distribution functions should have shape (12, 53)
Distribution functions should have shape (12, 53)
Distribution functions should have shape (12, 53)
Distribution functions should have shape (12, 53)
Distribution functions should have shape (12, 53)
Distribution functions should have shape (12, 53)
Distribution functions should have shape (12, 53)
Distribution functions should have shape (12, 53)
Distribution functions should have shape (12, 53)
Distribution functions should have shape (12, 53)
Distribution functions should have shape (12, 53)
Distribution functions should have shape (12, 53)
Distribution functions should have shape (12, 53)
Distribution functions should have shape (12, 53)
Distribution functions should have shape (12, 53)
Distribution functions should have shape (12, 53)
Distribution functions should have shape (12, 53)
Distribution functions should have shape (12, 53)
Distribution functions should have shape (12, 53)
Distribution functions should have shape (12, 53)
Distribution functions should have shape (12, 53)
Distribution functions should have shape (12, 53)
Distribution functions should have shape (12, 53)
Distribution functions should have shape (12, 53)
Distribution functions should have shape (12, 53)
Distribution functions should have shape (12, 53)
Distribution functions should have shape (12, 53)
Distribution functions should have shape (12, 53)
Distribution functions should have shape (12, 53)
Distribution functions should have shape (12, 53)
Distribution functions should have shape (12, 53)
Distribution functions should have shape (12, 53)
Distribution functions should have shape (12, 53)
Distribution functions should have shape (12, 53)
Distribution functions should have shape (12, 53)
Distribution functions should have shape (12, 53)
Distribution functions should have shape (12, 53)
Distribution functions should have shape (12, 53)
Distribution functions should have shape (12, 53)
Distribution functions should have shape (12, 53)
Distribution functions should have shape (12, 53)
Distribution functions should have shape (12, 53)
Distribution functions should have shape (12, 53)
Distribution functions should have shape (12, 53)
Distribution functions should have shape (12, 53)
Distribution functions should have shape (12, 53)
Distribution functions should have shape (12, 53)
Distribution functions should have shape (12, 53)
Distribution functions should have shape (12, 53)
Distribution functions should have shape (12, 53)
Distribution functions should have shape (12, 53)
Distribution functions should have shape (12, 53)
Distribution functions should have shape (12, 53)
Distribution functions should have shape (12, 53)
Distribution functions should have shape (12, 53)
Distribution functions should have shape (12, 53)
Distribution functions should have shape (12, 53)
Distribution functions should have shape (12, 53)
Distribution functions should have shape (12, 53)
Distribution functions should have shape (12, 53)
Distribution functions should have shape (12, 53)
Distribution functions should have shape (12, 53)
Distribution functions should have shape (12, 53)
Distribution functions should have shape (12, 53)
Distribution functions should have shape (12, 53)
Distribution functions should have shape (12, 53)
Distribution functions should have shape (12, 53)
Distribution functions should have shape (12, 53)
Distribution functions should have shape (12, 53)
Distribution functions should have shape (12, 53)
Distribution functions should have shape (12, 53)
Distribution functions should have shape (12, 53)
Distribution functions should have shape (12, 53)
Distribution functions should have shape (12, 53)
Distribution functions should have shape (12, 53)
Distribution functions should have shape (12, 53)
Distribution functions should have shape (12, 53)
Distribution functions should have shape (12, 53)
Distribution functions should have shape (12, 53)
Distribution functions should have shape (12, 53)
Distribution functions should have shape (12, 53)
Distribution functions should have shape (12, 53)
Distribution functions should have shape (12, 53)
Distribution functions should have shape (12, 53)
Distribution functions should have shape (12, 53)
Distribution functions should have shape (12, 53)
Distribution functions should have shape (12, 53)
Distribution functions should have shape (12, 53)
Distribution functions should have shape (12, 53)
Distribution functions should have shape (12, 53)
Distribution functions should have shape (12, 53)
Distribution functions should have shape (12, 53)
Distribution functions should have shape (12, 53)
Distribution functions should have shape (12, 53)
Distribution functions should have shape (12, 53)
Distribution functions should have shape (12, 53)
Distribution functions should have shape (12, 53)
Distribution functions should have shape (12, 53)
Distribution functions should have shape (12, 53)
Distribution functions should have shape (12, 53)
Distribution functions should have shape (12, 53)
Distribution functions should have shape (12, 53)
Distribution functions should have shape (12, 53)
Distribution functions should have shape (12, 53)
Distribution functions should have shape (12, 53)
Distribution functions should have shape (12, 53)
Distribution functions should have shape (12, 53)
Distribution functions should have shape (12, 53)
Distribution functions should have shape (12, 53)
Distribution functions should have shape (12, 53)
Distribution functions should have shape (12, 53)
Distribution functions should have shape (12, 53)
Distribution functions should have shape (12, 53)
Distribution functions should have shape (12, 53)
Removing out/experiment7/100/f12/not fixed/test_result.pickle.
Removing out/experiment7/100/f12/fixed/test_result.pickle.
Removing out/experiment7/100/f12/partially fixed/test_result.pickle.
Removing out/experiment7/100/f19/not fixed/test_result.pickle.
Removing out/experiment7/100/f19/fixed/test_result.pickle.
Removing out/experiment7/100/f19/partially fixed/test_result.pickle.
Removing out/experiment7/100/f5/not fixed/test_result.pickle.
Removing out/experiment7/100/f5/fixed/test_result.pickle.
Removing out/experiment7/100/f5/partially fixed/test_result.pickle.
Removing out/experiment7/100/f11/not fixed/test_result.pickle.
Removing out/experiment7/100/f11/fixed/test_result.pickle.
Removing out/experiment7/100/f11/partially fixed/test_result.pickle.
Removing out/experiment7/100/f15/not fixed/test_result.pickle.
Removing out/experiment7/100/f15/fixed/test_result.pickle.
Removing out/experiment7/100/f15/partially fixed/test_result.pickle.
Removing out/experiment7/100/f13/not fixed/test_result.pickle.
Removing out/experiment7/100/f13/fixed/test_result.pickle.
Removing out/experiment7/100/f13/partially fixed/test_result.pickle.
Removing out/experiment7/100/f14/not fixed/test_result.pickle.
Removing out/experiment7/100/f14/fixed/test_result.pickle.
Removing out/experiment7/100/f14/partially fixed/test_result.pickle.
Removing out/experiment7/100/f6/not fixed/test_result.pickle.
Removing out/experiment7/100/f6/fixed/test_result.pickle.
Removing out/experiment7/100/f6/partially fixed/test_result.pickle.
Removing out/experiment7/100/f9/not fixed/test_result.pickle.
Removing out/experiment7/100/f9/fixed/test_result.pickle.
Removing out/experiment7/100/f9/partially fixed/test_result.pickle.
Removing out/experiment7/100/f7/not fixed/test_result.pickle.
Removing out/experiment7/100/f7/fixed/test_result.pickle.
Removing out/experiment7/100/f7/partially fixed/test_result.pickle.
Removing out/experiment7/100/f17/not fixed/test_result.pickle.
Removing out/experiment7/100/f17/fixed/test_result.pickle.
Removing out/experiment7/100/f17/partially fixed/test_result.pickle.
Removing out/experiment7/100/f16/not fixed/test_result.pickle.
Removing out/experiment7/100/f16/fixed/test_result.pickle.
Removing out/experiment7/100/f16/partially fixed/test_result.pickle.
Removing out/experiment7/100/f8/not fixed/test_result.pickle.
Removing out/experiment7/100/f8/fixed/test_result.pickle.
Removing out/experiment7/100/f8/partially fixed/test_result.pickle.
Removing out/experiment7/100/f2/not fixed/test_result.pickle.
Removing out/experiment7/100/f2/fixed/test_result.pickle.
Removing out/experiment7/100/f2/partially fixed/test_result.pickle.
Removing out/experiment7/100/f18/not fixed/test_result.pickle.
Removing out/experiment7/100/f18/fixed/test_result.pickle.
Removing out/experiment7/100/f18/partially fixed/test_result.pickle.
Removing out/experiment7/100/f4/not fixed/test_result.pickle.
Removing out/experiment7/100/f4/fixed/test_result.pickle.
Removing out/experiment7/100/f4/partially fixed/test_result.pickle.
Removing out/experiment7/100/f3/not fixed/test_result.pickle.
Removing out/experiment7/100/f3/fixed/test_result.pickle.
Removing out/experiment7/100/f3/partially fixed/test_result.pickle.
Removing out/experiment7/100/f1/not fixed/test_result.pickle.
Removing out/experiment7/100/f1/fixed/test_result.pickle.
Removing out/experiment7/100/f1/partially fixed/test_result.pickle.
Removing out/experiment7/100/f20/not fixed/test_result.pickle.
Removing out/experiment7/100/f20/fixed/test_result.pickle.
Removing out/experiment7/100/f20/partially fixed/test_result.pickle.
Removing out/experiment7/100/f10/not fixed/test_result.pickle.
Removing out/experiment7/100/f10/fixed/test_result.pickle.
Removing out/experiment7/100/f10/partially fixed/test_result.pickle.
Removing out/experiment7/2000/f12/not fixed/test_result.pickle.
Removing out/experiment7/2000/f12/fixed/test_result.pickle.
Removing out/experiment7/2000/f12/partially fixed/test_result.pickle.
Removing out/experiment7/2000/f19/not fixed/test_result.pickle.
Removing out/experiment7/2000/f19/fixed/test_result.pickle.
Removing out/experiment7/2000/f19/partially fixed/test_result.pickle.
Removing out/experiment7/2000/f5/not fixed/test_result.pickle.
Removing out/experiment7/2000/f5/fixed/test_result.pickle.
Removing out/experiment7/2000/f5/partially fixed/test_result.pickle.
Removing out/experiment7/2000/f11/not fixed/test_result.pickle.
Removing out/experiment7/2000/f11/fixed/test_result.pickle.
Removing out/experiment7/2000/f11/partially fixed/test_result.pickle.
Removing out/experiment7/2000/f15/not fixed/test_result.pickle.
Removing out/experiment7/2000/f15/fixed/test_result.pickle.
Removing out/experiment7/2000/f15/partially fixed/test_result.pickle.
Removing out/experiment7/2000/f13/not fixed/test_result.pickle.
Removing out/experiment7/2000/f13/fixed/test_result.pickle.
Removing out/experiment7/2000/f13/partially fixed/test_result.pickle.
Removing out/experiment7/2000/f14/not fixed/test_result.pickle.
Removing out/experiment7/2000/f14/fixed/test_result.pickle.
Removing out/experiment7/2000/f14/partially fixed/test_result.pickle.
Removing out/experiment7/2000/f6/not fixed/test_result.pickle.
Removing out/experiment7/2000/f6/fixed/test_result.pickle.
Removing out/experiment7/2000/f6/partially fixed/test_result.pickle.
Removing out/experiment7/2000/f9/not fixed/test_result.pickle.
Removing out/experiment7/2000/f9/fixed/test_result.pickle.
Removing out/experiment7/2000/f9/partially fixed/test_result.pickle.
Removing out/experiment7/2000/f7/not fixed/test_result.pickle.
Removing out/experiment7/2000/f7/fixed/test_result.pickle.
Removing out/experiment7/2000/f7/partially fixed/test_result.pickle.
Removing out/experiment7/2000/f17/not fixed/test_result.pickle.
Removing out/experiment7/2000/f17/fixed/test_result.pickle.
Removing out/experiment7/2000/f17/partially fixed/test_result.pickle.
Removing out/experiment7/2000/f16/not fixed/test_result.pickle.
Removing out/experiment7/2000/f16/fixed/test_result.pickle.
Removing out/experiment7/2000/f16/partially fixed/test_result.pickle.
Removing out/experiment7/2000/f8/not fixed/test_result.pickle.
Removing out/experiment7/2000/f8/fixed/test_result.pickle.
Removing out/experiment7/2000/f8/partially fixed/test_result.pickle.
Removing out/experiment7/2000/f2/not fixed/test_result.pickle.
Removing out/experiment7/2000/f2/fixed/test_result.pickle.
Removing out/experiment7/2000/f2/partially fixed/test_result.pickle.
Removing out/experiment7/2000/f18/not fixed/test_result.pickle.
Removing out/experiment7/2000/f18/fixed/test_result.pickle.
Removing out/experiment7/2000/f18/partially fixed/test_result.pickle.
Removing out/experiment7/2000/f4/not fixed/test_result.pickle.
Removing out/experiment7/2000/f4/fixed/test_result.pickle.
Removing out/experiment7/2000/f4/partially fixed/test_result.pickle.
Removing out/experiment7/2000/f3/not fixed/test_result.pickle.
Removing out/experiment7/2000/f3/fixed/test_result.pickle.
Removing out/experiment7/2000/f3/partially fixed/test_result.pickle.
Removing out/experiment7/2000/f1/not fixed/test_result.pickle.
Removing out/experiment7/2000/f1/fixed/test_result.pickle.
Removing out/experiment7/2000/f1/partially fixed/test_result.pickle.
Removing out/experiment7/2000/f20/not fixed/test_result.pickle.
Removing out/experiment7/2000/f20/fixed/test_result.pickle.
Removing out/experiment7/2000/f20/partially fixed/test_result.pickle.
Removing out/experiment7/2000/f10/not fixed/test_result.pickle.
Removing out/experiment7/2000/f10/fixed/test_result.pickle.
Removing out/experiment7/2000/f10/partially fixed/test_result.pickle.
