Distribution functions should have shape (12, 53)
snr=1983.4536427194662
||y||/||y_noi-y|| = 1983.4592400745978
rdm = 1.00834219511067
sre(theta_guess) = 0.001000368563335335
delta = 3.663075664461245e-07
||y_sd|| = 3.632770385116334e-07
y_sd_min = 3.6852915138728494e-09
Distribution functions should have shape (12, 53)
snr=1991.6847544721575
||y||/||y_noi-y|| = 1991.7036075215367
rdm = 1.0041749807589635
sre(theta_guess) = 0.001000346576924296
delta = 3.454445206365335e-07
||y_sd|| = 3.4400829263386373e-07
y_sd_min = 3.489818257546887e-09
Distribution functions should have shape (12, 53)
snr=1986.3965955013148
||y||/||y_noi-y|| = 1986.4039773036684
rdm = 1.0068482822259621
sre(theta_guess) = 0.010020243219352166
delta = 3.6284759473168374e-07
||y_sd|| = 3.603796134304302e-07
y_sd_min = 3.6558983650308673e-09
Distribution functions should have shape (12, 53)
snr=2020.7384072047294
||y||/||y_noi-y|| = 2020.729976563678
rdm = 0.9897372133222248
sre(theta_guess) = 0.009927149309259295
delta = 3.450276992682744e-07
||y_sd|| = 3.4860536173044204e-07
y_sd_min = 3.5364535742179367e-09
Distribution functions should have shape (12, 53)
snr=2025.5633670353486
||y||/||y_noi-y|| = 2025.5590020732802
rdm = 0.9873796261072955
sre(theta_guess) = 0.02009728285140383
delta = 3.566908165807535e-07
||y_sd|| = 3.612499257119496e-07
y_sd_min = 3.6647273140848712e-09
Distribution functions should have shape (12, 53)
snr=1987.1495123331642
||y||/||y_noi-y|| = 1987.1481589961836
rdm = 1.0064667945653212
sre(theta_guess) = 0.01983757749931785
delta = 3.467664887078112e-07
||y_sd|| = 3.445384294646038e-07
y_sd_min = 3.495196270898706e-09
Distribution functions should have shape (12, 53)
snr=99.2439680396428
||y||/||y_noi-y|| = 99.22650411675276
rdm = 1.0076179134640728
sre(theta_guess) = 0.000999843601778977
delta = 7.323932094649611e-06
||y_sd|| = 7.268560827259189e-06
y_sd_min = 7.373646747538408e-08
Distribution functions should have shape (12, 53)
snr=101.43660162791201
||y||/||y_noi-y|| = 101.43334975024298
rdm = 0.9858374432418221
sre(theta_guess) = 0.0010000228557738146
delta = 6.784213358990471e-06
||y_sd|| = 6.8816754785467495e-06
y_sd_min = 6.981167966525095e-08
Distribution functions should have shape (12, 53)
snr=100.08534649056588
||y||/||y_noi-y|| = 100.08815933921132
rdm = 0.9991472628755506
sre(theta_guess) = 0.009991539680547825
delta = 7.346951222752854e-06
||y_sd|| = 7.35322158778504e-06
y_sd_min = 7.459531499187524e-08
Distribution functions should have shape (12, 53)
snr=101.1313257260025
||y||/||y_noi-y|| = 101.1466766459144
rdm = 0.9888133007465203
sre(theta_guess) = 0.01000142245454994
delta = 6.825470203344513e-06
||y_sd|| = 6.902688503675594e-06
y_sd_min = 7.002484789494515e-08
Distribution functions should have shape (12, 53)
snr=99.44645709605143
||y||/||y_noi-y|| = 99.44798337049608
rdm = 1.005566240569173
sre(theta_guess) = 0.020163712264881745
delta = 7.3600107166661425e-06
||y_sd|| = 7.319269899614188e-06
y_sd_min = 7.425088951205293e-08
Distribution functions should have shape (12, 53)
snr=100.55415031711675
||y||/||y_noi-y|| = 100.55928813694291
rdm = 0.9944890358541231
sre(theta_guess) = 0.020064226294104436
delta = 6.69179642557917e-06
||y_sd|| = 6.728879036692347e-06
y_sd_min = 6.826162455352922e-08
Removing out/test/100/0.02_f2/guess_test/test_result.pickle.
Removing out/test/100/0.001_f1/guess_test/test_result.pickle.
Removing out/test/100/0.001_f2/guess_test/test_result.pickle.
Removing out/test/100/0.01_f1/guess_test/test_result.pickle.
Removing out/test/100/0.01_f2/guess_test/test_result.pickle.
Removing out/test/100/0.02_f1/guess_test/test_result.pickle.
Removing out/test/2000/0.02_f2/guess_test/test_result.pickle.
Removing out/test/2000/0.001_f1/guess_test/test_result.pickle.
Removing out/test/2000/0.001_f2/guess_test/test_result.pickle.
Removing out/test/2000/0.01_f1/guess_test/test_result.pickle.
Removing out/test/2000/0.01_f2/guess_test/test_result.pickle.
Removing out/test/2000/0.02_f1/guess_test/test_result.pickle.
