

Starting the constrained Gauss-Newton method. Cost at starting value: 4.022265842969822e+16
+-----------+-------------------------+-------------------------+-------------------------+-------------------------+
| Iteration | Cost                    | Stepsize (||p||)        | Steplength (h)          | Computation time [s]    |
+-----------+-------------------------+-------------------------+-------------------------+-------------------------+
+-----------+-------------------------+-------------------------+-------------------------+-------------------------+
|     0     |  4.022110323026585e+16  |    21343008.411581088   |           0.5           |    1.133660078048706    |
+-----------+-------------------------+-------------------------+-------------------------+-------------------------+
|     1     |  4.022110281593929e+16  |    10671501.051420275   |          0.125          |    1.1885664463043213   |
+-----------+-------------------------+-------------------------+-------------------------+-------------------------+
|     2     |  4.022110227089391e+16  |    9337563.493750656    |          0.0625         |    1.2112867832183838   |
+-----------+-------------------------+-------------------------+-------------------------+-------------------------+
|     3     |   4.02211021669427e+16  |     8753965.88109137    |          0.125          |    1.197169303894043    |
+-----------+-------------------------+-------------------------+-------------------------+-------------------------+
|     4     |  4.0221101488436936e+16 |     7659720.46395287    |          0.125          |    1.1925952434539795   |
+-----------+-------------------------+-------------------------+-------------------------+-------------------------+
|     5     |  4.022110125134387e+16  |    6702255.578957538    |           0.25          |    1.1873197555541992   |
+-----------+-------------------------+-------------------------+-------------------------+-------------------------+
|     6     |  4.022102479657441e+16  |    5026691.861138618    |           1.0           |    1.100891351699829    |
+-----------+-------------------------+-------------------------+-------------------------+-------------------------+
|     7     |  4.022086994597283e+16  |    275111.2858382096    |        0.0078125        |    1.3349275588989258   |
+-----------+-------------------------+-------------------------+-------------------------+-------------------------+
|     8     |  4.021834148014893e+16  |    45724.164357269576   |          0.125          |    1.230226993560791    |
+-----------+-------------------------+-------------------------+-------------------------+-------------------------+
|     9     |   4.0217621254173e+16   |    1081384.0540077111   |        0.00390625       |    1.4446561336517334   |
+-----------+-------------------------+-------------------------+-------------------------+-------------------------+
|     10    |  4.021626254955058e+16  |     60209.2708939715    |          0.0625         |    1.263089656829834    |
+-----------+-------------------------+-------------------------+-------------------------+-------------------------+
|     11    |  4.021412296467441e+16  |    83687.10824343984    |          0.125          |    1.2179076671600342   |
+-----------+-------------------------+-------------------------+-------------------------+-------------------------+
|     12    |  4.020590328094233e+16  |    903721.8993145513    |         0.03125         |    1.282623291015625    |
+-----------+-------------------------+-------------------------+-------------------------+-------------------------+


Starting the constrained Gauss-Newton method. Cost at starting value: 2.2899175064922393e+33
+-----------+-------------------------+-------------------------+-------------------------+-------------------------+
| Iteration | Cost                    | Stepsize (||p||)        | Steplength (h)          | Computation time [s]    |
+-----------+-------------------------+-------------------------+-------------------------+-------------------------+
+-----------+-------------------------+-------------------------+-------------------------+-------------------------+


Starting the constrained Gauss-Newton method. Cost at starting value: 2.994065257069044e+33
+-----------+-------------------------+-------------------------+-------------------------+-------------------------+
| Iteration | Cost                    | Stepsize (||p||)        | Steplength (h)          | Computation time [s]    |
+-----------+-------------------------+-------------------------+-------------------------+-------------------------+
+-----------+-------------------------+-------------------------+-------------------------+-------------------------+
|     0     |  2.994065257069044e+33  |    3697531117676444.5   |  2.3283064365386963e-10 |    1.9448468685150146   |
+-----------+-------------------------+-------------------------+-------------------------+-------------------------+
The iteration converged successfully after 1 steps.
Minimum of cost function: 2.994065257069044e+33


Starting the constrained Gauss-Newton method. Cost at starting value: 6.022692556786535e+33
+-----------+-------------------------+-------------------------+-------------------------+-------------------------+
| Iteration | Cost                    | Stepsize (||p||)        | Steplength (h)          | Computation time [s]    |
+-----------+-------------------------+-------------------------+-------------------------+-------------------------+
+-----------+-------------------------+-------------------------+-------------------------+-------------------------+
|     0     |  6.022629273668926e+33  |    8541806104661863.0   |           1.0           |    1.1019086837768555   |
+-----------+-------------------------+-------------------------+-------------------------+-------------------------+


Starting the constrained Gauss-Newton method. Cost at starting value: 0.5361884485037378
+-----------+-------------------------+-------------------------+-------------------------+-------------------------+
| Iteration | Cost                    | Stepsize (||p||)        | Steplength (h)          | Computation time [s]    |
+-----------+-------------------------+-------------------------+-------------------------+-------------------------+
+-----------+-------------------------+-------------------------+-------------------------+-------------------------+
|     0     |    0.536188448498956    |  4.845310614850049e-06  |           1.0           |   0.40723180770874023   |
+-----------+-------------------------+-------------------------+-------------------------+-------------------------+
The iteration converged successfully after 1 steps.
Minimum of cost function: 0.536188448498956


Starting the constrained Gauss-Newton method. Cost at starting value: 0.5361884485037378
+-----------+-------------------------+-------------------------+-------------------------+-------------------------+
| Iteration | Cost                    | Stepsize (||p||)        | Steplength (h)          | Computation time [s]    |
+-----------+-------------------------+-------------------------+-------------------------+-------------------------+
+-----------+-------------------------+-------------------------+-------------------------+-------------------------+
|     0     |    0.536188448498956    |  4.845310614850049e-06  |           1.0           |    0.4060697555541992   |
+-----------+-------------------------+-------------------------+-------------------------+-------------------------+
The iteration converged successfully after 1 steps.
Minimum of cost function: 0.536188448498956


Starting the constrained Gauss-Newton method. Cost at starting value: 0.5361884485037378
+-----------+-------------------------+-------------------------+-------------------------+-------------------------+
| Iteration | Cost                    | Stepsize (||p||)        | Steplength (h)          | Computation time [s]    |
+-----------+-------------------------+-------------------------+-------------------------+-------------------------+
+-----------+-------------------------+-------------------------+-------------------------+-------------------------+
|     0     |    0.536188448498956    |  4.845310614850049e-06  |           1.0           |   0.40721821784973145   |
+-----------+-------------------------+-------------------------+-------------------------+-------------------------+
The iteration converged successfully after 1 steps.
Minimum of cost function: 0.536188448498956


Starting the constrained Gauss-Newton method. Cost at starting value: 0.5361884485037378
+-----------+-------------------------+-------------------------+-------------------------+-------------------------+
| Iteration | Cost                    | Stepsize (||p||)        | Steplength (h)          | Computation time [s]    |
+-----------+-------------------------+-------------------------+-------------------------+-------------------------+
+-----------+-------------------------+-------------------------+-------------------------+-------------------------+
|     0     |    0.536188448498956    |  4.845310614850049e-06  |           1.0           |   0.40754151344299316   |
+-----------+-------------------------+-------------------------+-------------------------+-------------------------+
The iteration converged successfully after 1 steps.
Minimum of cost function: 0.536188448498956


Starting the constrained Gauss-Newton method. Cost at starting value: 0.5361884485037378
+-----------+-------------------------+-------------------------+-------------------------+-------------------------+
| Iteration | Cost                    | Stepsize (||p||)        | Steplength (h)          | Computation time [s]    |
+-----------+-------------------------+-------------------------+-------------------------+-------------------------+
+-----------+-------------------------+-------------------------+-------------------------+-------------------------+
|     0     |    0.536188448498956    |  4.845310614850049e-06  |           1.0           |   0.40692734718322754   |
+-----------+-------------------------+-------------------------+-------------------------+-------------------------+
The iteration converged successfully after 1 steps.
Minimum of cost function: 0.536188448498956


Starting the constrained Gauss-Newton method. Cost at starting value: 0.5361884485037378
+-----------+-------------------------+-------------------------+-------------------------+-------------------------+
| Iteration | Cost                    | Stepsize (||p||)        | Steplength (h)          | Computation time [s]    |
+-----------+-------------------------+-------------------------+-------------------------+-------------------------+
+-----------+-------------------------+-------------------------+-------------------------+-------------------------+
|     0     |    0.536188448498956    |  4.845310614850049e-06  |           1.0           |    0.4062340259552002   |
+-----------+-------------------------+-------------------------+-------------------------+-------------------------+
The iteration converged successfully after 1 steps.
Minimum of cost function: 0.536188448498956


Starting the constrained Gauss-Newton method. Cost at starting value: 0.5361884485037378
+-----------+-------------------------+-------------------------+-------------------------+-------------------------+
| Iteration | Cost                    | Stepsize (||p||)        | Steplength (h)          | Computation time [s]    |
+-----------+-------------------------+-------------------------+-------------------------+-------------------------+
+-----------+-------------------------+-------------------------+-------------------------+-------------------------+
|     0     |    0.536188448498956    |  4.845310614850049e-06  |           1.0           |   0.40628528594970703   |
+-----------+-------------------------+-------------------------+-------------------------+-------------------------+
The iteration converged successfully after 1 steps.
Minimum of cost function: 0.536188448498956


Starting the constrained Gauss-Newton method. Cost at starting value: 0.5361884485037378
+-----------+-------------------------+-------------------------+-------------------------+-------------------------+
| Iteration | Cost                    | Stepsize (||p||)        | Steplength (h)          | Computation time [s]    |
+-----------+-------------------------+-------------------------+-------------------------+-------------------------+
+-----------+-------------------------+-------------------------+-------------------------+-------------------------+
|     0     |    0.536188448498956    |  4.845310614850049e-06  |           1.0           |    0.4061851501464844   |
+-----------+-------------------------+-------------------------+-------------------------+-------------------------+
The iteration converged successfully after 1 steps.
Minimum of cost function: 0.536188448498956


Starting the constrained Gauss-Newton method. Cost at starting value: 0.5361884485037378
+-----------+-------------------------+-------------------------+-------------------------+-------------------------+
| Iteration | Cost                    | Stepsize (||p||)        | Steplength (h)          | Computation time [s]    |
+-----------+-------------------------+-------------------------+-------------------------+-------------------------+
+-----------+-------------------------+-------------------------+-------------------------+-------------------------+
|     0     |    0.536188448498956    |  4.845310614850049e-06  |           1.0           |    0.4076862335205078   |
+-----------+-------------------------+-------------------------+-------------------------+-------------------------+
The iteration converged successfully after 1 steps.
Minimum of cost function: 0.536188448498956


Starting the constrained Gauss-Newton method. Cost at starting value: 0.5361884485037378
+-----------+-------------------------+-------------------------+-------------------------+-------------------------+
| Iteration | Cost                    | Stepsize (||p||)        | Steplength (h)          | Computation time [s]    |
+-----------+-------------------------+-------------------------+-------------------------+-------------------------+
+-----------+-------------------------+-------------------------+-------------------------+-------------------------+
|     0     |    0.536188448498956    |  4.845310614850049e-06  |           1.0           |   0.40623974800109863   |
+-----------+-------------------------+-------------------------+-------------------------+-------------------------+
The iteration converged successfully after 1 steps.
Minimum of cost function: 0.536188448498956


Starting the constrained Gauss-Newton method. Cost at starting value: 0.5361884485037378
+-----------+-------------------------+-------------------------+-------------------------+-------------------------+
| Iteration | Cost                    | Stepsize (||p||)        | Steplength (h)          | Computation time [s]    |
+-----------+-------------------------+-------------------------+-------------------------+-------------------------+
+-----------+-------------------------+-------------------------+-------------------------+-------------------------+
|     0     |    0.536188448498956    |  4.845310614850049e-06  |           1.0           |   0.40589427947998047   |
+-----------+-------------------------+-------------------------+-------------------------+-------------------------+
The iteration converged successfully after 1 steps.
Minimum of cost function: 0.536188448498956


Starting the constrained Gauss-Newton method. Cost at starting value: 0.5361884485037378
+-----------+-------------------------+-------------------------+-------------------------+-------------------------+
| Iteration | Cost                    | Stepsize (||p||)        | Steplength (h)          | Computation time [s]    |
+-----------+-------------------------+-------------------------+-------------------------+-------------------------+
+-----------+-------------------------+-------------------------+-------------------------+-------------------------+
|     0     |    0.536188448498956    |  4.845310614850049e-06  |           1.0           |   0.40748071670532227   |
+-----------+-------------------------+-------------------------+-------------------------+-------------------------+
The iteration converged successfully after 1 steps.
Minimum of cost function: 0.536188448498956


Starting the constrained Gauss-Newton method. Cost at starting value: 0.5361884485037378
+-----------+-------------------------+-------------------------+-------------------------+-------------------------+
| Iteration | Cost                    | Stepsize (||p||)        | Steplength (h)          | Computation time [s]    |
+-----------+-------------------------+-------------------------+-------------------------+-------------------------+
+-----------+-------------------------+-------------------------+-------------------------+-------------------------+
|     0     |    0.536188448498956    |  4.845310614850049e-06  |           1.0           |    0.4065988063812256   |
+-----------+-------------------------+-------------------------+-------------------------+-------------------------+
The iteration converged successfully after 1 steps.
Minimum of cost function: 0.536188448498956


Starting the constrained Gauss-Newton method. Cost at starting value: 0.5361884485037378
+-----------+-------------------------+-------------------------+-------------------------+-------------------------+
| Iteration | Cost                    | Stepsize (||p||)        | Steplength (h)          | Computation time [s]    |
+-----------+-------------------------+-------------------------+-------------------------+-------------------------+
+-----------+-------------------------+-------------------------+-------------------------+-------------------------+
|     0     |    0.536188448498956    |  4.845310614850049e-06  |           1.0           |    0.4070155620574951   |
+-----------+-------------------------+-------------------------+-------------------------+-------------------------+
The iteration converged successfully after 1 steps.
Minimum of cost function: 0.536188448498956


Starting the constrained Gauss-Newton method. Cost at starting value: 0.5361884485037378
+-----------+-------------------------+-------------------------+-------------------------+-------------------------+
| Iteration | Cost                    | Stepsize (||p||)        | Steplength (h)          | Computation time [s]    |
+-----------+-------------------------+-------------------------+-------------------------+-------------------------+
+-----------+-------------------------+-------------------------+-------------------------+-------------------------+
|     0     |    0.536188448498956    |  4.845310614850049e-06  |           1.0           |    0.4069175720214844   |
+-----------+-------------------------+-------------------------+-------------------------+-------------------------+
The iteration converged successfully after 1 steps.
Minimum of cost function: 0.536188448498956


Starting the constrained Gauss-Newton method. Cost at starting value: 0.5361884485037378
+-----------+-------------------------+-------------------------+-------------------------+-------------------------+
| Iteration | Cost                    | Stepsize (||p||)        | Steplength (h)          | Computation time [s]    |
+-----------+-------------------------+-------------------------+-------------------------+-------------------------+
+-----------+-------------------------+-------------------------+-------------------------+-------------------------+
|     0     |    0.536188448498956    |  4.845310614850049e-06  |           1.0           |    0.4083266258239746   |
+-----------+-------------------------+-------------------------+-------------------------+-------------------------+
The iteration converged successfully after 1 steps.
Minimum of cost function: 0.536188448498956


Starting the constrained Gauss-Newton method. Cost at starting value: 0.5361884485037378
+-----------+-------------------------+-------------------------+-------------------------+-------------------------+
| Iteration | Cost                    | Stepsize (||p||)        | Steplength (h)          | Computation time [s]    |
+-----------+-------------------------+-------------------------+-------------------------+-------------------------+
+-----------+-------------------------+-------------------------+-------------------------+-------------------------+
|     0     |    0.536188448498956    |  4.845310614850049e-06  |           1.0           |    0.4279904365539551   |
+-----------+-------------------------+-------------------------+-------------------------+-------------------------+
The iteration converged successfully after 1 steps.
Minimum of cost function: 0.536188448498956


Starting the constrained Gauss-Newton method. Cost at starting value: 0.5361884485037378
+-----------+-------------------------+-------------------------+-------------------------+-------------------------+
| Iteration | Cost                    | Stepsize (||p||)        | Steplength (h)          | Computation time [s]    |
+-----------+-------------------------+-------------------------+-------------------------+-------------------------+
+-----------+-------------------------+-------------------------+-------------------------+-------------------------+
|     0     |    0.536188448498956    |  4.845310614850049e-06  |           1.0           |    0.4105491638183594   |
+-----------+-------------------------+-------------------------+-------------------------+-------------------------+
The iteration converged successfully after 1 steps.
Minimum of cost function: 0.536188448498956


Starting the constrained Gauss-Newton method. Cost at starting value: 0.5361884485037378
+-----------+-------------------------+-------------------------+-------------------------+-------------------------+
| Iteration | Cost                    | Stepsize (||p||)        | Steplength (h)          | Computation time [s]    |
+-----------+-------------------------+-------------------------+-------------------------+-------------------------+
+-----------+-------------------------+-------------------------+-------------------------+-------------------------+
|     0     |    0.536188448498956    |  4.845310614850049e-06  |           1.0           |    0.4055449962615967   |
+-----------+-------------------------+-------------------------+-------------------------+-------------------------+
The iteration converged successfully after 1 steps.
Minimum of cost function: 0.536188448498956


Starting the constrained Gauss-Newton method. Cost at starting value: 0.5361884485037378
+-----------+-------------------------+-------------------------+-------------------------+-------------------------+
| Iteration | Cost                    | Stepsize (||p||)        | Steplength (h)          | Computation time [s]    |
+-----------+-------------------------+-------------------------+-------------------------+-------------------------+
+-----------+-------------------------+-------------------------+-------------------------+-------------------------+
|     0     |    0.536188448498956    |  4.845310614850049e-06  |           1.0           |   0.40673303604125977   |
+-----------+-------------------------+-------------------------+-------------------------+-------------------------+


Starting the constrained Gauss-Newton method. Cost at starting value: 1.017935322362035
+-----------+-------------------------+-------------------------+-------------------------+-------------------------+
| Iteration | Cost                    | Stepsize (||p||)        | Steplength (h)          | Computation time [s]    |
+-----------+-------------------------+-------------------------+-------------------------+-------------------------+
+-----------+-------------------------+-------------------------+-------------------------+-------------------------+
|     0     |    1.0169785109422966   |    0.0489316169948704   |           1.0           |    0.4005134105682373   |
+-----------+-------------------------+-------------------------+-------------------------+-------------------------+
|     1     |    1.0168993762857879   |   0.000707645469613111  |           1.0           |    0.4055449962615967   |
+-----------+-------------------------+-------------------------+-------------------------+-------------------------+
|     2     |    1.016899376249116    |  1.8052618506173892e-05 |           1.0           |    0.4067826271057129   |
+-----------+-------------------------+-------------------------+-------------------------+-------------------------+
The iteration converged successfully after 3 steps.
Minimum of cost function: 1.016899376249116


Starting the constrained Gauss-Newton method. Cost at starting value: 1.5430437167017086
+-----------+-------------------------+-------------------------+-------------------------+-------------------------+
| Iteration | Cost                    | Stepsize (||p||)        | Steplength (h)          | Computation time [s]    |
+-----------+-------------------------+-------------------------+-------------------------+-------------------------+
+-----------+-------------------------+-------------------------+-------------------------+-------------------------+
|     0     |    1.541071213817375    |    0.1587734850392321   |           1.0           |    0.4088296890258789   |
+-----------+-------------------------+-------------------------+-------------------------+-------------------------+
|     1     |    1.5409569084699128   |  0.0012027398853302754  |           1.0           |    0.4097757339477539   |
+-----------+-------------------------+-------------------------+-------------------------+-------------------------+
|     2     |    1.5409569021902163   |  1.2480839949199037e-05 |           1.0           |   0.41342759132385254   |
+-----------+-------------------------+-------------------------+-------------------------+-------------------------+
|     3     |    1.5409569021897171   |  9.449550329676048e-07  |           1.0           |   0.41170835494995117   |
+-----------+-------------------------+-------------------------+-------------------------+-------------------------+
The iteration converged successfully after 4 steps.
Minimum of cost function: 1.5409569021897171


Starting the constrained Gauss-Newton method. Cost at starting value: 2.008479206253941
+-----------+-------------------------+-------------------------+-------------------------+-------------------------+
| Iteration | Cost                    | Stepsize (||p||)        | Steplength (h)          | Computation time [s]    |
+-----------+-------------------------+-------------------------+-------------------------+-------------------------+
+-----------+-------------------------+-------------------------+-------------------------+-------------------------+
|     0     |    2.005545236539624    |   0.13981193502119343   |           1.0           |   0.42186856269836426   |
+-----------+-------------------------+-------------------------+-------------------------+-------------------------+
|     1     |    2.005431880791089    |  0.0032679186515584694  |           1.0           |    0.4346013069152832   |
+-----------+-------------------------+-------------------------+-------------------------+-------------------------+
|     2     |    2.005431878987799    |  1.945236774303549e-05  |           1.0           |   0.40016818046569824   |
+-----------+-------------------------+-------------------------+-------------------------+-------------------------+
|     3     |    2.005431878987498    |  5.449538582880073e-07  |           1.0           |    0.3986237049102783   |
+-----------+-------------------------+-------------------------+-------------------------+-------------------------+
The iteration converged successfully after 4 steps.
Minimum of cost function: 2.005431878987498


Starting the constrained Gauss-Newton method. Cost at starting value: 2.545376381593367
+-----------+-------------------------+-------------------------+-------------------------+-------------------------+
| Iteration | Cost                    | Stepsize (||p||)        | Steplength (h)          | Computation time [s]    |
+-----------+-------------------------+-------------------------+-------------------------+-------------------------+
+-----------+-------------------------+-------------------------+-------------------------+-------------------------+
|     0     |    2.5395342842963946   |   0.14665645136807726   |           1.0           |   0.40451693534851074   |
+-----------+-------------------------+-------------------------+-------------------------+-------------------------+
|     1     |    2.5395340318341777   |   0.002979681166345124  |           1.0           |    0.4001920223236084   |
+-----------+-------------------------+-------------------------+-------------------------+-------------------------+
|     2     |    2.539533643243435    |  2.8490197511535325e-05 |           1.0           |    0.3997528553009033   |
+-----------+-------------------------+-------------------------+-------------------------+-------------------------+
|     3     |    2.5395336432404227   |   3.90035369228502e-06  |           1.0           |    0.4002232551574707   |
+-----------+-------------------------+-------------------------+-------------------------+-------------------------+
The iteration converged successfully after 4 steps.
Minimum of cost function: 2.5395336432404227
